#
# A fatal error has been detected by the Java Runtime Environment:
#
#  EXCEPTION_ACCESS_VIOLATION (0xc0000005) at pc=0x0000000419930522, pid=1596, tid=0x0000000000003368
#
# JRE version: Java(TM) SE Runtime Environment (8.0_112-b15) (build 1.8.0_112-b15)
# Java VM: Java HotSpot(TM) 64-Bit Server VM (25.112-b15 mixed mode windows-amd64 compressed oops)
# Problematic frame:
# C  0x0000000419930522
#
# Failed to write core dump. Minidumps are not enabled by default on client versions of Windows
#
# If you would like to submit a bug report, please visit:
#   http://bugreport.java.com/bugreport/crash.jsp
# The crash happened outside the Java Virtual Machine in native code.
# See problematic frame for where to report the bug.
#

---------------  T H R E A D  ---------------

Current thread (0x0000014a2e2de000):  JavaThread "AWT-EventQueue-1" [_thread_in_native, id=13160, stack(0x0000001f5cf00000,0x0000001f5d400000)]

siginfo: ExceptionCode=0xc0000005, ExceptionInformation=0x0000000000000008 0x0000000419930522

Registers:
RAX=0x00007ff92be6bb98, RBX=0x0000000000000000, RCX=0x0000014a3a3ad3b0, RDX=0x0000000000000000
RSP=0x0000001f5d3fcef8, RBP=0x0000001f5d3fd050, RSI=0x0000014a39f80620, RDI=0x0000001f5d3fd038
R8 =0x00007ff92bf2bbc0, R9 =0x0000000000000000, R10=0x0000000000000002, R11=0x0000001f5d3fced0
R12=0x0000000000000000, R13=0x0000000000000000, R14=0x0000014a3a3ad3b0, R15=0x000000003b23c5cf
RIP=0x0000000419930522, EFLAGS=0x0000000000010246

Top of Stack: (sp=0x0000001f5d3fcef8)
0x0000001f5d3fcef8:   00007ff8ecf26afe 0000014a361ea350
0x0000001f5d3fcf08:   0000014a361ea350 0000014a39f80620
0x0000001f5d3fcf18:   0000014a39f80620 0000014e00000000
0x0000001f5d3fcf28:   000000070397e828 0000068500000001
0x0000001f5d3fcf38:   0000000000000001 f120000000000000
0x0000001f5d3fcf48:   0000000000010000 fffffffffffffffe
0x0000001f5d3fcf58:   0000001f5d3fd038 0000000703987638
0x0000001f5d3fcf68:   00007ff9a480964d 00000000001f0207
0x0000001f5d3fcf78:   00000d200b711b9c 0000014a38280ca0
0x0000001f5d3fcf88:   00000d200b711adc 0000000000000000
0x0000001f5d3fcf98:   0000001f5d3fd268 0000000000000000
0x0000001f5d3fcfa8:   0000014a38281420 000000003b23c5cf
0x0000001f5d3fcfb8:   0000001f5d3fd0d0 0000014a361ea350
0x0000001f5d3fcfc8:   00007ff8ecf92a26 0000014a069b0f60
0x0000001f5d3fcfd8:   00007ff9a480964d 00000000001f0207
0x0000001f5d3fcfe8:   0000000000000028 0000001f5d3fd050 

Instructions: (pc=0x0000000419930522)
0x0000000419930502:   
[error occurred during error reporting (printing registers, top of stack, instructions near pc), id 0xc0000005]

Register to memory mapping:

RAX=0x00007ff92be6bb98 is an unknown value
RBX=0x0000000000000000 is an unknown value
RCX=0x0000014a3a3ad3b0 is an unknown value
RDX=0x0000000000000000 is an unknown value
RSP=0x0000001f5d3fcef8 is pointing into the stack for thread: 0x0000014a2e2de000
RBP=0x0000001f5d3fd050 is pointing into the stack for thread: 0x0000014a2e2de000
RSI=0x0000014a39f80620 is an unknown value
RDI=0x0000001f5d3fd038 is pointing into the stack for thread: 0x0000014a2e2de000
R8 =0x00007ff92bf2bbc0 is an unknown value
R9 =0x0000000000000000 is an unknown value
R10=0x0000000000000002 is an unknown value
R11=0x0000001f5d3fced0 is pointing into the stack for thread: 0x0000014a2e2de000
R12=0x0000000000000000 is an unknown value
R13=0x0000000000000000 is an unknown value
R14=0x0000014a3a3ad3b0 is an unknown value
R15=0x000000003b23c5cf is an unknown value


Stack: [0x0000001f5cf00000,0x0000001f5d400000],  sp=0x0000001f5d3fcef8,  free space=5107k
Native frames: (J=compiled Java code, j=interpreted, Vv=VM code, C=native code)
C  0x0000000419930522

Java frames: (J=compiled Java code, j=interpreted, Vv=VM code)
J 19569  ui.views.waveform.waveformi.WVExecutive_getTooltipTextDelayed(J)Ljava/lang/String; (0 bytes) @ 0x0000014a14196681 [0x0000014a14196640+0x41]
J 19637 C1 ui.views.waveform.b.a.bF(Ljava/awt/event/MouseEvent;)V (135 bytes) @ 0x0000014a141e5bac [0x0000014a141e54e0+0x6cc]
J 19558 C1 ui.views.waveform.b.a.mouseMoved(Ljava/awt/event/MouseEvent;)V (32 bytes) @ 0x0000014a1418823c [0x0000014a14187cc0+0x57c]
J 13513 C2 java.awt.AWTEventMulticaster.mouseMoved(Ljava/awt/event/MouseEvent;)V (27 bytes) @ 0x0000014a1335a214 [0x0000014a1335a160+0xb4]
J 13513 C2 java.awt.AWTEventMulticaster.mouseMoved(Ljava/awt/event/MouseEvent;)V (27 bytes) @ 0x0000014a1335a1d4 [0x0000014a1335a160+0x74]
J 17959 C2 javax.swing.JComponent.processMouseMotionEvent(Ljava/awt/event/MouseEvent;)V (46 bytes) @ 0x0000014a1240d208 [0x0000014a1240d100+0x108]
J 19551 C1 ui.frmwork.c.i.processMouseMotionEvent(Ljava/awt/event/MouseEvent;)V (131 bytes) @ 0x0000014a141951e4 [0x0000014a141942e0+0xf04]
J 10776 C2 java.awt.Container.processEvent(Ljava/awt/AWTEvent;)V (22 bytes) @ 0x0000014a129e3454 [0x0000014a129e32e0+0x174]
J 19670 C2 java.awt.Component.dispatchEventImpl(Ljava/awt/AWTEvent;)V (883 bytes) @ 0x0000014a141ffacc [0x0000014a141ff2a0+0x82c]
J 13561 C2 java.awt.Container.dispatchEventImpl(Ljava/awt/AWTEvent;)V (129 bytes) @ 0x0000014a11b1a2a0 [0x0000014a11b19ba0+0x700]
J 14876 C2 java.awt.LightweightDispatcher.retargetMouseEvent(Ljava/awt/Component;ILjava/awt/event/MouseEvent;)V (350 bytes) @ 0x0000014a11c54758 [0x0000014a11c54260+0x4f8]
J 13561 C2 java.awt.Container.dispatchEventImpl(Ljava/awt/AWTEvent;)V (129 bytes) @ 0x0000014a11b1a1ac [0x0000014a11b19ba0+0x60c]
J 13376 C2 java.awt.Window.dispatchEventImpl(Ljava/awt/AWTEvent;)V (23 bytes) @ 0x0000014a11e3e54c [0x0000014a11e3e500+0x4c]
J 11073 C2 java.awt.EventQueue$3.run()Ljava/lang/Object; (5 bytes) @ 0x0000014a10f3ec94 [0x0000014a10f3e8a0+0x3f4]
v  ~StubRoutines::call_stub
J 1847  java.security.AccessController.doPrivileged(Ljava/security/PrivilegedAction;Ljava/security/AccessControlContext;)Ljava/lang/Object; (0 bytes) @ 0x0000014a11078566 [0x0000014a11078500+0x66]
J 12367 C2 java.awt.EventQueue$4.run()Ljava/lang/Object; (5 bytes) @ 0x0000014a120c0628 [0x0000014a120c04a0+0x188]
v  ~StubRoutines::call_stub
J 1847  java.security.AccessController.doPrivileged(Ljava/security/PrivilegedAction;Ljava/security/AccessControlContext;)Ljava/lang/Object; (0 bytes) @ 0x0000014a11078566 [0x0000014a11078500+0x66]
J 12382 C2 ui.frmwork.b.d.dispatchEvent(Ljava/awt/AWTEvent;)V (45 bytes) @ 0x0000014a12f7458c [0x0000014a12f742e0+0x2ac]
J 14079 C2 java.awt.EventDispatchThread.pumpOneEventForFilters(I)V (295 bytes) @ 0x0000014a1346a2c0 [0x0000014a13469f60+0x360]
J 19368% C2 java.awt.EventDispatchThread.pumpEventsForFilter(ILjava/awt/Conditional;Ljava/awt/EventFilter;)V (47 bytes) @ 0x0000014a1411a5c0 [0x0000014a1411a4a0+0x120]
j  java.awt.EventDispatchThread.pumpEventsForHierarchy(ILjava/awt/Conditional;Ljava/awt/Component;)V+11
j  java.awt.EventDispatchThread.pumpEvents(ILjava/awt/Conditional;)V+4
j  java.awt.EventDispatchThread.pumpEvents(Ljava/awt/Conditional;)V+3
j  java.awt.EventDispatchThread.run()V+9
v  ~StubRoutines::call_stub

---------------  P R O C E S S  ---------------

Java Threads: ( => current thread )
  0x0000014a2972c000 JavaThread "Tcl Command Line: relaunch_sim" [_thread_in_native, id=19896, stack(0x0000001f60400000,0x0000001f60900000)]
  0x0000014a29736000 JavaThread "Thread-200" [_thread_in_native, id=14576, stack(0x0000001f5ec00000,0x0000001f5ed00000)]
  0x0000014a2972d000 JavaThread "Thread-180" [_thread_in_native, id=18532, stack(0x0000001f55f00000,0x0000001f56000000)]
  0x0000014a2972d800 JavaThread "Thread-148" [_thread_in_native, id=6524, stack(0x0000001f5ec00000,0x0000001f5ed00000)]
  0x0000014a29733000 JavaThread "Thread-131" [_thread_in_native, id=17548, stack(0x0000001f55f00000,0x0000001f56000000)]
  0x0000014a2972f000 JavaThread "Thread-74" [_thread_in_native, id=13064, stack(0x0000001f55f00000,0x0000001f56000000)]
  0x0000014a29732000 JavaThread "Swing-Shell" daemon [_thread_blocked, id=9388, stack(0x0000001f5d400000,0x0000001f5d900000)]
  0x0000014a29730800 JavaThread "Thread-64" [_thread_in_native, id=10492, stack(0x0000001f55d00000,0x0000001f55e00000)]
  0x0000014a311f2000 JavaThread "SyntheticaAnimation 50" daemon [_thread_blocked, id=18492, stack(0x0000001f5c000000,0x0000001f5c500000)]
  0x0000014a311f1000 JavaThread "Thread-22" [_thread_in_native, id=2972, stack(0x0000001f60a00000,0x0000001f60b00000)]
  0x0000014a311ef800 JavaThread "Thread-21" [_thread_in_native, id=19196, stack(0x0000001f60900000,0x0000001f60a00000)]
  0x0000014a2fc28000 JavaThread "hw_ila_monitor" [_thread_blocked, id=11632, stack(0x0000001f5ff00000,0x0000001f60400000)]
  0x0000014a2fc22000 JavaThread "Update Runs Swing Worker" [_thread_blocked, id=19268, stack(0x0000001f5fa00000,0x0000001f5ff00000)]
  0x0000014a2fc21000 JavaThread "Refresh Filesets Swing Worker" [_thread_blocked, id=6236, stack(0x0000001f5f500000,0x0000001f5fa00000)]
  0x0000014a2fc26800 JavaThread "SyntheticaAnimation 70" daemon [_thread_blocked, id=10856, stack(0x0000001f5f000000,0x0000001f5f500000)]
  0x0000014a2fc27000 JavaThread "SyntheticaAnimation 25" daemon [_thread_blocked, id=18968, stack(0x0000001f5e600000,0x0000001f5eb00000)]
  0x0000014a2fc25000 JavaThread "SyntheticaAnimation 50" daemon [_thread_blocked, id=17740, stack(0x0000001f5e100000,0x0000001f5e600000)]
  0x0000014a2fc22800 JavaThread "Batik CleanerThread" daemon [_thread_blocked, id=15288, stack(0x0000001f5d900000,0x0000001f5de00000)]
  0x0000014a2e80a800 JavaThread "SyntheticaCleanerThread" daemon [_thread_blocked, id=6876, stack(0x0000001f5c500000,0x0000001f5ca00000)]
=>0x0000014a2e2de000 JavaThread "AWT-EventQueue-1" [_thread_in_native, id=13160, stack(0x0000001f5cf00000,0x0000001f5d400000)]
  0x0000014a2dea0000 JavaThread "Process Messages" [_thread_blocked, id=18748, stack(0x0000001f5ca00000,0x0000001f5cf00000)]
  0x0000014a2e60e800 JavaThread "Thread-3" [_thread_in_native, id=9240, stack(0x0000001f56000000,0x0000001f57400000)]
  0x0000014a2b254000 JavaThread "AWT-Windows" daemon [_thread_in_native, id=15760, stack(0x0000001f5bb00000,0x0000001f5c000000)]
  0x0000014a2b201800 JavaThread "AWT-Shutdown" [_thread_blocked, id=19412, stack(0x0000001f5b600000,0x0000001f5bb00000)]
  0x0000014a2b200800 JavaThread "Java2D Disposer" daemon [_thread_blocked, id=4004, stack(0x0000001f5b100000,0x0000001f5b600000)]
  0x0000014a2b1fa000 JavaThread "TimerQueue" daemon [_thread_blocked, id=11212, stack(0x0000001f5ac00000,0x0000001f5b100000)]
  0x0000014a29698000 JavaThread "Service Thread" daemon [_thread_blocked, id=12360, stack(0x0000001f5a600000,0x0000001f5ab00000)]
  0x0000014a29696800 JavaThread "C1 CompilerThread11" daemon [_thread_blocked, id=18512, stack(0x0000001f5a500000,0x0000001f5a600000)]
  0x0000014a29695800 JavaThread "C1 CompilerThread10" daemon [_thread_blocked, id=15128, stack(0x0000001f5a400000,0x0000001f5a500000)]
  0x0000014a29692800 JavaThread "C1 CompilerThread9" daemon [_thread_blocked, id=19108, stack(0x0000001f5a300000,0x0000001f5a400000)]
  0x0000014a29691800 JavaThread "C1 CompilerThread8" daemon [_thread_blocked, id=10404, stack(0x0000001f5a200000,0x0000001f5a300000)]
  0x0000014a2968f000 JavaThread "C2 CompilerThread7" daemon [_thread_blocked, id=18980, stack(0x0000001f5a100000,0x0000001f5a200000)]
  0x0000014a2968a000 JavaThread "C2 CompilerThread6" daemon [_thread_blocked, id=7744, stack(0x0000001f5a000000,0x0000001f5a100000)]
  0x0000014a29689800 JavaThread "C2 CompilerThread5" daemon [_thread_blocked, id=1004, stack(0x0000001f59f00000,0x0000001f5a000000)]
  0x0000014a29688800 JavaThread "C2 CompilerThread4" daemon [_thread_blocked, id=18600, stack(0x0000001f59e00000,0x0000001f59f00000)]
  0x0000014a29688000 JavaThread "C2 CompilerThread3" daemon [_thread_blocked, id=19232, stack(0x0000001f59d00000,0x0000001f59e00000)]
  0x0000014a29685000 JavaThread "C2 CompilerThread2" daemon [_thread_blocked, id=4160, stack(0x0000001f59c00000,0x0000001f59d00000)]
  0x0000014a29683000 JavaThread "C2 CompilerThread1" daemon [_thread_blocked, id=19304, stack(0x0000001f59b00000,0x0000001f59c00000)]
  0x0000014a2962b000 JavaThread "C2 CompilerThread0" daemon [_thread_blocked, id=19236, stack(0x0000001f59a00000,0x0000001f59b00000)]
  0x0000014a2962a000 JavaThread "Attach Listener" daemon [_thread_blocked, id=9020, stack(0x0000001f59500000,0x0000001f59a00000)]
  0x0000014a29680800 JavaThread "Signal Dispatcher" daemon [_thread_blocked, id=6056, stack(0x0000001f59000000,0x0000001f59500000)]
  0x0000014a29613000 JavaThread "Finalizer" daemon [_thread_blocked, id=18624, stack(0x0000001f58b00000,0x0000001f59000000)]
  0x0000014a279e1800 JavaThread "Reference Handler" daemon [_thread_blocked, id=13248, stack(0x0000001f58600000,0x0000001f58b00000)]
  0x0000014a10765800 JavaThread "main" [_thread_blocked, id=16896, stack(0x0000001f57700000,0x0000001f57800000)]

Other Threads:
  0x0000014a279d7000 VMThread [stack: 0x0000001f58500000,0x0000001f58600000] [id=4624]
  0x0000014a2969f000 WatcherThread [stack: 0x0000001f5ab00000,0x0000001f5ac00000] [id=13900]

VM state:not at safepoint (normal execution)

VM Mutex/Monitor currently owned by a thread: None

Heap:
 PSYoungGen      total 45568K, used 13574K [0x00000007bc400000, 0x00000007c0000000, 0x00000007c0000000)
  eden space 30720K, 41% used [0x00000007bc400000,0x00000007bd071ac0,0x00000007be200000)
  from space 14848K, 5% used [0x00000007be200000,0x00000007be2d0000,0x00000007bf080000)
  to   space 13824K, 0% used [0x00000007bf280000,0x00000007bf280000,0x00000007c0000000)
 ParOldGen       total 219648K, used 69696K [0x0000000700000000, 0x000000070d680000, 0x00000007bc400000)
  object space 219648K, 31% used [0x0000000700000000,0x0000000704410300,0x000000070d680000)
 Metaspace       used 75198K, capacity 75951K, committed 76800K, reserved 1116160K
  class space    used 10514K, capacity 10649K, committed 10752K, reserved 1048576K

Card table byte_map: [0x0000014a1fc20000,0x0000014a20230000] byte_map_base: 0x0000014a1c420000

Marking Bits: (ParMarkBitMap*) 0x0000000058c0a6d0
 Begin Bits: [0x0000014a20820000, 0x0000014a23820000)
 End Bits:   [0x0000014a23820000, 0x0000014a26820000)

Polling page: 0x0000014a08620000

CodeCache: size=245760Kb used=61055Kb max_used=61156Kb free=184704Kb
 bounds [0x0000014a10860000, 0x0000014a14490000, 0x0000014a1f860000]
 total_blobs=16661 nmethods=15675 adapters=887
 compilation: enabled

Compilation events (10 events):
Event: 973.651 Thread 0x0000014a29696800 20538       3       ui.views.w.b.s::f (58 bytes)
Event: 973.651 Thread 0x0000014a29696800 nmethod 20538 0x0000014a12bc0610 code [0x0000014a12bc0820, 0x0000014a12bc1450]
Event: 973.653 Thread 0x0000014a29695800 20539       3       ui.views.O.d.a.a::a (321 bytes)
Event: 973.653 Thread 0x0000014a29692800 20540       3       ui.views.O.d.a.a::a (73 bytes)
Event: 973.654 Thread 0x0000014a29692800 nmethod 20540 0x0000014a125fdd50 code [0x0000014a125fdf60, 0x0000014a125fe820]
Event: 973.656 Thread 0x0000014a29695800 nmethod 20539 0x0000014a11cac2d0 code [0x0000014a11cac820, 0x0000014a11cb0180]
Event: 973.670 Thread 0x0000014a29691800 20541       3       com.google.protobuf.AbstractMessage$Builder::mergeFrom (8 bytes)
Event: 973.670 Thread 0x0000014a29691800 nmethod 20541 0x0000014a13dbf090 code [0x0000014a13dbf200, 0x0000014a13dbf550]
Event: 973.790 Thread 0x0000014a29696800 20542       1       java.lang.invoke.MemberName::getReferenceKind (12 bytes)
Event: 973.791 Thread 0x0000014a29696800 nmethod 20542 0x0000014a12bc0350 code [0x0000014a12bc04a0, 0x0000014a12bc05b8]

GC Heap History (10 events):
Event: 944.964 GC heap before
{Heap before GC invocations=191 (full 14):
 PSYoungGen      total 42496K, used 22528K [0x00000007bc400000, 0x00000007c0000000, 0x00000007c0000000)
  eden space 22528K, 100% used [0x00000007bc400000,0x00000007bda00000,0x00000007bda00000)
  from space 19968K, 0% used [0x00000007bec80000,0x00000007bec80000,0x00000007c0000000)
  to   space 18944K, 0% used [0x00000007bda00000,0x00000007bda00000,0x00000007bec80000)
 ParOldGen       total 219648K, used 69688K [0x0000000700000000, 0x000000070d680000, 0x00000007bc400000)
  object space 219648K, 31% used [0x0000000700000000,0x000000070440e300,0x000000070d680000)
 Metaspace       used 75175K, capacity 75939K, committed 76800K, reserved 1116160K
  class space    used 10511K, capacity 10647K, committed 10752K, reserved 1048576K
Event: 944.968 GC heap after
Heap after GC invocations=191 (full 14):
 PSYoungGen      total 41472K, used 544K [0x00000007bc400000, 0x00000007c0000000, 0x00000007c0000000)
  eden space 22528K, 0% used [0x00000007bc400000,0x00000007bc400000,0x00000007bda00000)
  from space 18944K, 2% used [0x00000007bda00000,0x00000007bda88000,0x00000007bec80000)
  to   space 17920K, 0% used [0x00000007bee80000,0x00000007bee80000,0x00000007c0000000)
 ParOldGen       total 219648K, used 69688K [0x0000000700000000, 0x000000070d680000, 0x00000007bc400000)
  object space 219648K, 31% used [0x0000000700000000,0x000000070440e300,0x000000070d680000)
 Metaspace       used 75175K, capacity 75939K, committed 76800K, reserved 1116160K
  class space    used 10511K, capacity 10647K, committed 10752K, reserved 1048576K
}
Event: 955.780 GC heap before
{Heap before GC invocations=192 (full 14):
 PSYoungGen      total 41472K, used 23072K [0x00000007bc400000, 0x00000007c0000000, 0x00000007c0000000)
  eden space 22528K, 100% used [0x00000007bc400000,0x00000007bda00000,0x00000007bda00000)
  from space 18944K, 2% used [0x00000007bda00000,0x00000007bda88000,0x00000007bec80000)
  to   space 17920K, 0% used [0x00000007bee80000,0x00000007bee80000,0x00000007c0000000)
 ParOldGen       total 219648K, used 69688K [0x0000000700000000, 0x000000070d680000, 0x00000007bc400000)
  object space 219648K, 31% used [0x0000000700000000,0x000000070440e300,0x000000070d680000)
 Metaspace       used 75176K, capacity 75939K, committed 76800K, reserved 1116160K
  class space    used 10511K, capacity 10647K, committed 10752K, reserved 1048576K
Event: 955.783 GC heap after
Heap after GC invocations=192 (full 14):
 PSYoungGen      total 44544K, used 512K [0x00000007bc400000, 0x00000007c0000000, 0x00000007c0000000)
  eden space 26624K, 0% used [0x00000007bc400000,0x00000007bc400000,0x00000007bde00000)
  from space 17920K, 2% used [0x00000007bee80000,0x00000007bef00000,0x00000007c0000000)
  to   space 16896K, 0% used [0x00000007bde00000,0x00000007bde00000,0x00000007bee80000)
 ParOldGen       total 219648K, used 69688K [0x0000000700000000, 0x000000070d680000, 0x00000007bc400000)
  object space 219648K, 31% used [0x0000000700000000,0x000000070440e300,0x000000070d680000)
 Metaspace       used 75176K, capacity 75939K, committed 76800K, reserved 1116160K
  class space    used 10511K, capacity 10647K, committed 10752K, reserved 1048576K
}
Event: 971.819 GC heap before
{Heap before GC invocations=193 (full 14):
 PSYoungGen      total 44544K, used 27136K [0x00000007bc400000, 0x00000007c0000000, 0x00000007c0000000)
  eden space 26624K, 100% used [0x00000007bc400000,0x00000007bde00000,0x00000007bde00000)
  from space 17920K, 2% used [0x00000007bee80000,0x00000007bef00000,0x00000007c0000000)
  to   space 16896K, 0% used [0x00000007bde00000,0x00000007bde00000,0x00000007bee80000)
 ParOldGen       total 219648K, used 69688K [0x0000000700000000, 0x000000070d680000, 0x00000007bc400000)
  object space 219648K, 31% used [0x0000000700000000,0x000000070440e300,0x000000070d680000)
 Metaspace       used 75177K, capacity 75939K, committed 76800K, reserved 1116160K
  class space    used 10511K, capacity 10647K, committed 10752K, reserved 1048576K
Event: 971.822 GC heap after
Heap after GC invocations=193 (full 14):
 PSYoungGen      total 43520K, used 640K [0x00000007bc400000, 0x00000007c0000000, 0x00000007c0000000)
  eden space 26624K, 0% used [0x00000007bc400000,0x00000007bc400000,0x00000007bde00000)
  from space 16896K, 3% used [0x00000007bde00000,0x00000007bdea0000,0x00000007bee80000)
  to   space 15872K, 0% used [0x00000007bf080000,0x00000007bf080000,0x00000007c0000000)
 ParOldGen       total 219648K, used 69688K [0x0000000700000000, 0x000000070d680000, 0x00000007bc400000)
  object space 219648K, 31% used [0x0000000700000000,0x000000070440e300,0x000000070d680000)
 Metaspace       used 75177K, capacity 75939K, committed 76800K, reserved 1116160K
  class space    used 10511K, capacity 10647K, committed 10752K, reserved 1048576K
}
Event: 972.702 GC heap before
{Heap before GC invocations=194 (full 14):
 PSYoungGen      total 43520K, used 27264K [0x00000007bc400000, 0x00000007c0000000, 0x00000007c0000000)
  eden space 26624K, 100% used [0x00000007bc400000,0x00000007bde00000,0x00000007bde00000)
  from space 16896K, 3% used [0x00000007bde00000,0x00000007bdea0000,0x00000007bee80000)
  to   space 15872K, 0% used [0x00000007bf080000,0x00000007bf080000,0x00000007c0000000)
 ParOldGen       total 219648K, used 69688K [0x0000000700000000, 0x000000070d680000, 0x00000007bc400000)
  object space 219648K, 31% used [0x0000000700000000,0x000000070440e300,0x000000070d680000)
 Metaspace       used 75178K, capacity 75939K, committed 76800K, reserved 1116160K
  class space    used 10511K, capacity 10647K, committed 10752K, reserved 1048576K
Event: 972.705 GC heap after
Heap after GC invocations=194 (full 14):
 PSYoungGen      total 46592K, used 832K [0x00000007bc400000, 0x00000007c0000000, 0x00000007c0000000)
  eden space 30720K, 0% used [0x00000007bc400000,0x00000007bc400000,0x00000007be200000)
  from space 15872K, 5% used [0x00000007bf080000,0x00000007bf150000,0x00000007c0000000)
  to   space 14848K, 0% used [0x00000007be200000,0x00000007be200000,0x00000007bf080000)
 ParOldGen       total 219648K, used 69696K [0x0000000700000000, 0x000000070d680000, 0x00000007bc400000)
  object space 219648K, 31% used [0x0000000700000000,0x0000000704410300,0x000000070d680000)
 Metaspace       used 75178K, capacity 75939K, committed 76800K, reserved 1116160K
  class space    used 10511K, capacity 10647K, committed 10752K, reserved 1048576K
}
Event: 972.889 GC heap before
{Heap before GC invocations=195 (full 14):
 PSYoungGen      total 46592K, used 31552K [0x00000007bc400000, 0x00000007c0000000, 0x00000007c0000000)
  eden space 30720K, 100% used [0x00000007bc400000,0x00000007be200000,0x00000007be200000)
  from space 15872K, 5% used [0x00000007bf080000,0x00000007bf150000,0x00000007c0000000)
  to   space 14848K, 0% used [0x00000007be200000,0x00000007be200000,0x00000007bf080000)
 ParOldGen       total 219648K, used 69696K [0x0000000700000000, 0x000000070d680000, 0x00000007bc400000)
  object space 219648K, 31% used [0x0000000700000000,0x0000000704410300,0x000000070d680000)
 Metaspace       used 75179K, capacity 75939K, committed 76800K, reserved 1116160K
  class space    used 10511K, capacity 10647K, committed 10752K, reserved 1048576K
Event: 972.892 GC heap after
Heap after GC invocations=195 (full 14):
 PSYoungGen      total 45568K, used 832K [0x00000007bc400000, 0x00000007c0000000, 0x00000007c0000000)
  eden space 30720K, 0% used [0x00000007bc400000,0x00000007bc400000,0x00000007be200000)
  from space 14848K, 5% used [0x00000007be200000,0x00000007be2d0000,0x00000007bf080000)
  to   space 13824K, 0% used [0x00000007bf280000,0x00000007bf280000,0x00000007c0000000)
 ParOldGen       total 219648K, used 69696K [0x0000000700000000, 0x000000070d680000, 0x00000007bc400000)
  object space 219648K, 31% used [0x0000000700000000,0x0000000704410300,0x000000070d680000)
 Metaspace       used 75179K, capacity 75939K, committed 76800K, reserved 1116160K
  class space    used 10511K, capacity 10647K, committed 10752K, reserved 1048576K
}

Deoptimization events (10 events):
Event: 548.294 Thread 0x0000014a2e2de000 Uncommon trap: reason=unstable_if action=reinterpret pc=0x0000014a140c7088 method=javax.swing.JMenuBar.processBindingForKeyStrokeRecursive(Ljavax/swing/MenuElement;Ljavax/swing/KeyStroke;Ljava/awt/event/KeyEvent;IZ)Z @ 66
Event: 548.294 Thread 0x0000014a2e2de000 Uncommon trap: reason=unstable_if action=reinterpret pc=0x0000014a140c6f10 method=javax.swing.JMenuBar.processBindingForKeyStrokeRecursive(Ljavax/swing/MenuElement;Ljavax/swing/KeyStroke;Ljava/awt/event/KeyEvent;IZ)Z @ 115
Event: 550.826 Thread 0x0000014a2e2de000 Uncommon trap: reason=range_check action=make_not_entrant pc=0x0000014a13de04b4 method=java.awt.geom.AffineTransform.<init>([D)V @ 7
Event: 562.086 Thread 0x0000014a2e2de000 Uncommon trap: reason=range_check action=make_not_entrant pc=0x0000014a14177adc method=javax.swing.tree.TreePath.<init>([Ljava/lang/Object;I)V @ 9
Event: 835.967 Thread 0x0000014a2e2de000 Uncommon trap: reason=bimorphic action=maybe_recompile pc=0x0000014a1369ad24 method=sun.awt.windows.WComponentPeer.handleEvent(Ljava/awt/AWTEvent;)V @ 152
Event: 853.149 Thread 0x0000014a2e2de000 Uncommon trap: reason=array_check action=maybe_recompile pc=0x0000014a13c248a0 method=java.util.TimSort.mergeHi(IIII)V @ 101
Event: 853.149 Thread 0x0000014a2e2de000 Uncommon trap: reason=speculate_class_check action=maybe_recompile pc=0x0000014a133d0f88 method=java.nio.charset.CharsetDecoder.reset()Ljava/nio/charset/CharsetDecoder; @ 1
Event: 853.149 Thread 0x0000014a2e2de000 Uncommon trap: reason=class_check action=maybe_recompile pc=0x0000014a112f5c9c method=java.nio.charset.CharsetDecoder.flush(Ljava/nio/CharBuffer;)Ljava/nio/charset/CoderResult; @ 10
Event: 973.786 Thread 0x0000014a2e2de000 Uncommon trap: reason=unstable_if action=reinterpret pc=0x0000014a13773dd0 method=java.io.WinNTFileSystem.normalize(Ljava/lang/String;)Ljava/lang/String; @ 74
Event: 973.790 Thread 0x0000014a2e2de000 Uncommon trap: reason=unstable_if action=reinterpret pc=0x0000014a11891b84 method=java.lang.Throwable.getOurStackTrace()[Ljava/lang/StackTraceElement; @ 7

Internal exceptions (10 events):
Event: 957.770 Thread 0x0000014a2e2de000 Exception <a 'java/io/FileNotFoundException'> (0x00000007bc41d188) thrown at [C:\re\workspace\8-2-build-windows-amd64-cygwin\jdk8u112\7884\hotspot\src\share\vm\prims\jni.cpp, line 709]
Event: 962.738 Thread 0x0000014a2e2de000 Exception <a 'java/io/FileNotFoundException'> (0x00000007bc45bfb0) thrown at [C:\re\workspace\8-2-build-windows-amd64-cygwin\jdk8u112\7884\hotspot\src\share\vm\prims\jni.cpp, line 709]
Event: 962.771 Thread 0x0000014a2e2de000 Exception <a 'java/io/FileNotFoundException'> (0x00000007bc45cb20) thrown at [C:\re\workspace\8-2-build-windows-amd64-cygwin\jdk8u112\7884\hotspot\src\share\vm\prims\jni.cpp, line 709]
Event: 967.739 Thread 0x0000014a2e2de000 Exception <a 'java/io/FileNotFoundException'> (0x00000007bc8439b0) thrown at [C:\re\workspace\8-2-build-windows-amd64-cygwin\jdk8u112\7884\hotspot\src\share\vm\prims\jni.cpp, line 709]
Event: 967.771 Thread 0x0000014a2e2de000 Exception <a 'java/io/FileNotFoundException'> (0x00000007bc844010) thrown at [C:\re\workspace\8-2-build-windows-amd64-cygwin\jdk8u112\7884\hotspot\src\share\vm\prims\jni.cpp, line 709]
Event: 972.801 Thread 0x0000014a2e2de000 Exception <a 'java/io/FileNotFoundException'> (0x00000007bd4cd480) thrown at [C:\re\workspace\8-2-build-windows-amd64-cygwin\jdk8u112\7884\hotspot\src\share\vm\prims\jni.cpp, line 709]
Event: 972.801 Thread 0x0000014a2e2de000 Exception <a 'java/io/FileNotFoundException'> (0x00000007bd4ce170) thrown at [C:\re\workspace\8-2-build-windows-amd64-cygwin\jdk8u112\7884\hotspot\src\share\vm\prims\jni.cpp, line 709]
Event: 973.785 Thread 0x0000014a2e2de000 Exception <a 'ui/frmwork/CommandFailedException'> (0x00000007bcfc0af0) thrown at [C:\re\workspace\8-2-build-windows-amd64-cygwin\jdk8u112\7884\hotspot\src\share\vm\prims\jni.cpp, line 709]
Event: 973.785 Thread 0x0000014a2e2de000 Exception <a 'java/security/PrivilegedActionException'> (0x00000007bcfd9c70) thrown at [C:\re\workspace\8-2-build-windows-amd64-cygwin\jdk8u112\7884\hotspot\src\share\vm\prims\jvm.cpp, line 1390]
Event: 973.785 Thread 0x0000014a2e2de000 Exception <a 'java/security/PrivilegedActionException'> (0x00000007bcfd9e80) thrown at [C:\re\workspace\8-2-build-windows-amd64-cygwin\jdk8u112\7884\hotspot\src\share\vm\prims\jvm.cpp, line 1390]

Events (10 events):
Event: 973.785 loading class java/util/NoSuchElementException
Event: 973.785 loading class java/util/NoSuchElementException done
Event: 973.785 loading class ui/utils/d/a
Event: 973.785 loading class ui/utils/d/a done
Event: 973.786 Thread 0x0000014a2e2de000 Uncommon trap: trap_request=0xffffff65 fr.pc=0x0000014a13773dd0
Event: 973.786 Thread 0x0000014a2e2de000 DEOPT PACKING pc=0x0000014a13773dd0 sp=0x0000001f5d3ff070
Event: 973.786 Thread 0x0000014a2e2de000 DEOPT UNPACKING pc=0x0000014a108a5832 sp=0x0000001f5d3ff060 mode 2
Event: 973.790 Thread 0x0000014a2e2de000 Uncommon trap: trap_request=0xffffff65 fr.pc=0x0000014a11891b84
Event: 973.790 Thread 0x0000014a2e2de000 DEOPT PACKING pc=0x0000014a11891b84 sp=0x0000001f5d3fee60
Event: 973.790 Thread 0x0000014a2e2de000 DEOPT UNPACKING pc=0x0000014a108a5832 sp=0x0000001f5d3fee20 mode 2


Dynamic libraries:
0x00007ff68a7f0000 - 0x00007ff68a820000 	D:\Xilinx\Vivado\2017.4\bin\unwrapped\win64.o\vivado.exe
0x00007ff9a47e0000 - 0x00007ff9a49e9000 	C:\WINDOWS\SYSTEM32\ntdll.dll
0x00007ff9a2f50000 - 0x00007ff9a300d000 	C:\WINDOWS\System32\KERNEL32.DLL
0x00007ff9a1f00000 - 0x00007ff9a2274000 	C:\WINDOWS\System32\KERNELBASE.dll
0x00007ff9a2390000 - 0x00007ff9a24a1000 	C:\WINDOWS\System32\ucrtbase.dll
0x00007ff98f320000 - 0x00007ff98f334000 	D:\Xilinx\Vivado\2017.4\lib\win64.o\libboost_signals.dll
0x00007ff990090000 - 0x00007ff9900a4000 	D:\Xilinx\Vivado\2017.4\lib\win64.o\librdi_commonmain.dll
0x00007ff92b6f0000 - 0x00007ff92c396000 	D:\Xilinx\Vivado\2017.4\lib\win64.o\librdi_common.dll
0x00007ff98d6c0000 - 0x00007ff98d74d000 	C:\WINDOWS\SYSTEM32\MSVCP140.dll
0x00007ff98d820000 - 0x00007ff98d83b000 	C:\WINDOWS\SYSTEM32\VCRUNTIME140.dll
0x00007ff9a3f70000 - 0x00007ff9a411c000 	C:\WINDOWS\System32\USER32.dll
0x00007ff9a2530000 - 0x00007ff9a2556000 	C:\WINDOWS\System32\win32u.dll
0x00007ff9a29e0000 - 0x00007ff9a2a09000 	C:\WINDOWS\System32\GDI32.dll
0x00007ff98bc80000 - 0x00007ff98bca6000 	D:\Xilinx\Vivado\2017.4\lib\win64.o\libboost_filesystem.dll
0x00007ff9a2560000 - 0x00007ff9a2672000 	C:\WINDOWS\System32\gdi32full.dll
0x00007ff99ac30000 - 0x00007ff99ac3a000 	D:\Xilinx\Vivado\2017.4\lib\win64.o\librdi_commonversion.dll
0x00007ff9a3130000 - 0x00007ff9a31de000 	C:\WINDOWS\System32\ADVAPI32.dll
0x00007ff989bc0000 - 0x00007ff989cc0000 	D:\Xilinx\Vivado\2017.4\lib\win64.o\librdi_commonxillic.dll
0x00007ff9a22f0000 - 0x00007ff9a238d000 	C:\WINDOWS\System32\msvcp_win.dll
0x00007ff9a31e0000 - 0x00007ff9a3283000 	C:\WINDOWS\System32\msvcrt.dll
0x00007ff9a2a10000 - 0x00007ff9a2aae000 	C:\WINDOWS\System32\sechost.dll
0x00007ff9a33b0000 - 0x00007ff9a3b5e000 	C:\WINDOWS\System32\SHELL32.dll
0x0000000058c90000 - 0x0000000058dbb000 	D:\Xilinx\Vivado\2017.4\lib\win64.o\tcl85t.dll
0x00007ff9a26a0000 - 0x00007ff9a27c0000 	C:\WINDOWS\System32\RPCRT4.dll
0x00007ff9a3c60000 - 0x00007ff9a3ccf000 	C:\WINDOWS\System32\WS2_32.dll
0x00007ff92ae90000 - 0x00007ff92b1fe000 	D:\Xilinx\Vivado\2017.4\lib\win64.o\libCOIN-all.dll
0x00007ff92c3a0000 - 0x00007ff92c655000 	D:\Xilinx\Vivado\2017.4\lib\win64.o\libXil_lmgr11.dll
0x00007ff98bc60000 - 0x00007ff98bc74000 	D:\Xilinx\Vivado\2017.4\lib\win64.o\libboost_date_time.dll
0x00007ff9a32b0000 - 0x00007ff9a339c000 	C:\WINDOWS\System32\COMDLG32.dll
0x00007ff9a2bd0000 - 0x00007ff9a2f48000 	C:\WINDOWS\System32\combase.dll
0x00007ff971580000 - 0x00007ff971694000 	D:\Xilinx\Vivado\2017.4\lib\win64.o\libboost_regex.dll
0x00007ff989b40000 - 0x00007ff989bbf000 	D:\Xilinx\Vivado\2017.4\lib\win64.o\libboost_program_options.dll
0x00007ff9906f0000 - 0x00007ff9906fb000 	D:\Xilinx\Vivado\2017.4\lib\win64.o\libboost_system.dll
0x00007ff9a3b60000 - 0x00007ff9a3c4a000 	C:\WINDOWS\System32\shcore.dll
0x00007ff9a45b0000 - 0x00007ff9a460d000 	C:\WINDOWS\System32\SHLWAPI.dll
0x00007ff98a450000 - 0x00007ff98a471000 	D:\Xilinx\Vivado\2017.4\lib\win64.o\libboost_thread.dll
0x00007ff98f310000 - 0x00007ff98f31f000 	D:\Xilinx\Vivado\2017.4\lib\win64.o\libboost_xilinx.dll
0x00007ff9a2ab0000 - 0x00007ff9a2b86000 	C:\WINDOWS\System32\OLEAUT32.dll
0x00007ff958c60000 - 0x00007ff958d05000 	D:\Xilinx\Vivado\2017.4\lib\win64.o\libhdxml.dll
0x00007ff989360000 - 0x00007ff9893e2000 	D:\Xilinx\Vivado\2017.4\lib\win64.o\libhdlpsolve.dll
0x00007ff9a3d40000 - 0x00007ff9a3eda000 	C:\WINDOWS\System32\ole32.dll
0x00007ff929a00000 - 0x00007ff929feb400 	D:\Xilinx\Vivado\2017.4\lib\win64.o\libisl_iostreams.dll
0x00007ff9a2280000 - 0x00007ff9a22e7000 	C:\WINDOWS\System32\WINTRUST.dll
0x00007ff98a040000 - 0x00007ff98a06e000 	D:\Xilinx\Vivado\2017.4\lib\win64.o\libisl_sysinfo.dll
0x00007ff9a1cd0000 - 0x00007ff9a1e32000 	C:\WINDOWS\System32\CRYPT32.dll
0x00007ff970730000 - 0x00007ff970795000 	D:\Xilinx\Vivado\2017.4\lib\win64.o\liblmx6.0.dll
0x00000000583f0000 - 0x0000000058c8a000 	D:\Xilinx\Vivado\2017.4\tps\win64\jre\bin\server\jvm.dll
0x00007ff98a020000 - 0x00007ff98a035000 	D:\Xilinx\Vivado\2017.4\lib\win64.o\pthreadVC2.dll
0x00007ff93b730000 - 0x00007ff93b881000 	D:\Xilinx\Vivado\2017.4\lib\win64.o\librdi_curl.dll
0x00007ff9897b0000 - 0x00007ff9897cc000 	D:\Xilinx\Vivado\2017.4\lib\win64.o\librdiconfig.dll
0x00007ff989780000 - 0x00007ff9897a1000 	D:\Xilinx\Vivado\2017.4\lib\win64.o\librdizlib.dll
0x00007ff98d0f0000 - 0x00007ff98d0fc000 	C:\WINDOWS\SYSTEM32\VCRUNTIME140_1.dll
0x0000000012000000 - 0x0000000012272000 	D:\Xilinx\Vivado\2017.4\lib\win64.o\xerces-c_3_1.dll
0x00007ff9a2680000 - 0x00007ff9a2688000 	C:\WINDOWS\System32\PSAPI.DLL
0x00007ff999480000 - 0x00007ff99958c000 	C:\WINDOWS\SYSTEM32\WINHTTP.dll
0x00007ff982610000 - 0x00007ff982b0a000 	C:\WINDOWS\SYSTEM32\WININET.dll
0x00007ff99b480000 - 0x00007ff99b66f000 	C:\WINDOWS\SYSTEM32\urlmon.dll
0x00007ff990080000 - 0x00007ff990089000 	C:\WINDOWS\SYSTEM32\WSOCK32.dll
0x00007ff9896f0000 - 0x00007ff989721000 	C:\WINDOWS\SYSTEM32\VCOMP140.DLL
0x00007ff929ff0000 - 0x00007ff92ae81000 	D:\Xilinx\Vivado\2017.4\lib\win64.o\gurobi65.dll
0x00007ff98d9c0000 - 0x00007ff98d9da000 	C:\WINDOWS\SYSTEM32\NETAPI32.dll
0x00007ff9819a0000 - 0x00007ff981a52000 	C:\WINDOWS\WinSxS\amd64_microsoft.windows.common-controls_6595b64144ccf1df_5.82.22000.1_none_271a8fad6a2d1b1e\COMCTL32.dll
0x00007ff98a440000 - 0x00007ff98a44d000 	D:\Xilinx\Vivado\2017.4\lib\win64.o\libboost_chrono.dll
0x00007ff99a020000 - 0x00007ff99a03e000 	C:\WINDOWS\SYSTEM32\dhcpcsvc.DLL
0x00007ff989310000 - 0x00007ff989335000 	D:\Xilinx\Vivado\2017.4\lib\win64.o\libisl_iosutils.dll
0x00007ff989340000 - 0x00007ff98935b000 	D:\Xilinx\Vivado\2017.4\lib\win64.o\libboost_iostreams.dll
0x00007ff97eef0000 - 0x00007ff97efc4000 	C:\WINDOWS\SYSTEM32\MSVCR110.dll
0x00007ff99acb0000 - 0x00007ff99ace3000 	C:\WINDOWS\SYSTEM32\WINMM.dll
0x00007ff99a9d0000 - 0x00007ff99a9da000 	C:\WINDOWS\SYSTEM32\VERSION.dll
0x000000005a350000 - 0x000000005a422000 	C:\WINDOWS\SYSTEM32\MSVCR100.dll
0x00007ff99b430000 - 0x00007ff99b458000 	C:\WINDOWS\SYSTEM32\srvcli.dll
0x00007ff99b170000 - 0x00007ff99b423000 	C:\WINDOWS\SYSTEM32\iertutil.dll
0x00007ff9a08f0000 - 0x00007ff9a08fc000 	C:\WINDOWS\SYSTEM32\netutils.dll
0x00007ff9a2b90000 - 0x00007ff9a2bc1000 	C:\WINDOWS\System32\IMM32.DLL
0x00007ff9a1510000 - 0x00007ff9a1522000 	C:\WINDOWS\SYSTEM32\MSASN1.dll
0x00007ff9a0dd0000 - 0x00007ff9a0de8000 	C:\WINDOWS\SYSTEM32\kernel.appcore.dll
0x00007ff929570000 - 0x00007ff9299fa000 	D:\Xilinx\Vivado\2017.4\lib\win64.o\librdi_commontasks.dll
0x00007ff929330000 - 0x00007ff92956f000 	D:\Xilinx\Vivado\2017.4\lib\win64.o\librdi_sio.dll
0x00007ff9a0900000 - 0x00007ff9a092d000 	C:\WINDOWS\SYSTEM32\IPHLPAPI.DLL
0x00007ff99fe40000 - 0x00007ff9a06a8000 	C:\WINDOWS\SYSTEM32\windows.storage.dll
0x00007ff99fcd0000 - 0x00007ff99fe36000 	C:\WINDOWS\SYSTEM32\wintypes.dll
0x00007ff90cf50000 - 0x00007ff90f0b5000 	D:\Xilinx\Vivado\2017.4\lib\win64.o\librdi_tcltasks.dll
0x00007ff928860000 - 0x00007ff928aa6000 	D:\Xilinx\Vivado\2017.4\lib\win64.o\librdi_chipscope.dll
0x00007ff914240000 - 0x00007ff9145a6000 	D:\Xilinx\Vivado\2017.4\lib\win64.o\librdi_bitstream.dll
0x00007ff93b330000 - 0x00007ff93b4a9000 	D:\Xilinx\Vivado\2017.4\lib\win64.o\librdi_board.dll
0x00007ff947b40000 - 0x00007ff947baa000 	D:\Xilinx\Vivado\2017.4\lib\win64.o\librdi_boarddep.dll
0x00007ff907cc0000 - 0x00007ff9093cb000 	D:\Xilinx\Vivado\2017.4\lib\win64.o\librdi_constraints.dll
0x00007ff931770000 - 0x00007ff931898000 	D:\Xilinx\Vivado\2017.4\lib\win64.o\librdi_containers.dll
0x00007ff903fc0000 - 0x00007ff906fce000 	D:\Xilinx\Vivado\2017.4\lib\win64.o\librdi_coregen.dll
0x00007ff9038e0000 - 0x00007ff903fb7000 	D:\Xilinx\Vivado\2017.4\lib\win64.o\librdi_coregenipxact.dll
0x00007ff8f6d40000 - 0x00007ff9032d2000 	D:\Xilinx\Vivado\2017.4\lib\win64.o\librdi_device.dll
0x00007ff9093d0000 - 0x00007ff90cf46000 	D:\Xilinx\Vivado\2017.4\lib\win64.o\librdi_designutils.dll
0x00007ff927e90000 - 0x00007ff928105000 	D:\Xilinx\Vivado\2017.4\lib\win64.o\librdi_dlyest.dll
0x00007ff907580000 - 0x00007ff907cb8000 	D:\Xilinx\Vivado\2017.4\lib\win64.o\librdi_drc.dll
0x00007ff9351b0000 - 0x00007ff93527e000 	D:\Xilinx\Vivado\2017.4\lib\win64.o\librdi_dsp.dll
0x00007ff906fd0000 - 0x00007ff907580000 	D:\Xilinx\Vivado\2017.4\lib\win64.o\librdi_filemgmt.dll
0x00007ff913fc0000 - 0x00007ff91423b000 	D:\Xilinx\Vivado\2017.4\lib\win64.o\librdi_guitools.dll
0x00007ff8f5e70000 - 0x00007ff8f6d39000 	D:\Xilinx\Vivado\2017.4\lib\win64.o\librdi_implflow.dll
0x00007ff938b80000 - 0x00007ff938bd8000 	D:\Xilinx\Vivado\2017.4\lib\win64.o\librdi_hdf.dll
0x00007ff9032e0000 - 0x00007ff9038d7000 	D:\Xilinx\Vivado\2017.4\lib\win64.o\librdi_memdata.dll
0x00007ff8f29c0000 - 0x00007ff8f5e61000 	D:\Xilinx\Vivado\2017.4\lib\win64.o\librdi_mig.dll
0x00007ff8f2520000 - 0x00007ff8f29b3000 	D:\Xilinx\Vivado\2017.4\lib\win64.o\librdi_netlist.dll
0x00007ff8ee840000 - 0x00007ff8f08e5000 	D:\Xilinx\Vivado\2017.4\lib\win64.o\librdi_place.dll
0x00007ff989d00000 - 0x00007ff989d47000 	D:\Xilinx\Vivado\2017.4\lib\win64.o\librdi_pfi.dll
0x00007ff8f1c60000 - 0x00007ff8f1e8b000 	D:\Xilinx\Vivado\2017.4\lib\win64.o\librdi_platform.dll
0x00007ff8f1e90000 - 0x00007ff8f251e000 	D:\Xilinx\Vivado\2017.4\lib\win64.o\librdi_power.dll
0x00007ff8f0f60000 - 0x00007ff8f14b4000 	D:\Xilinx\Vivado\2017.4\lib\win64.o\librdi_project.dll
0x00007ff8f08f0000 - 0x00007ff8f0f5d000 	D:\Xilinx\Vivado\2017.4\lib\win64.o\librdi_psta.dll
0x00007ff8f14c0000 - 0x00007ff8f1c57000 	D:\Xilinx\Vivado\2017.4\lib\win64.o\librdi_rsb.dll
0x00007ff8ee460000 - 0x00007ff8ee839000 	D:\Xilinx\Vivado\2017.4\lib\win64.o\librdi_runs.dll
0x00007ff931b60000 - 0x00007ff931c37000 	D:\Xilinx\Vivado\2017.4\lib\win64.o\librdi_runsbase.dll
0x00007ff929170000 - 0x00007ff929328000 	D:\Xilinx\Vivado\2017.4\lib\win64.o\librdi_simdata.dll
0x00007ff8ed280000 - 0x00007ff8edf03000 	D:\Xilinx\Vivado\2017.4\lib\win64.o\librdi_timing.dll
0x00007ff978d50000 - 0x00007ff978d9c000 	D:\Xilinx\Vivado\2017.4\lib\win64.o\libboost_serialization.dll
0x00007ff932140000 - 0x00007ff9321ab000 	D:\Xilinx\Vivado\2017.4\lib\win64.o\librdi_hip_devdesign.dll
0x00007ff94cf10000 - 0x00007ff94cf52000 	D:\Xilinx\Vivado\2017.4\lib\win64.o\librdi_ipconfig_readwrite.dll
0x00007ff99df40000 - 0x00007ff99df6f000 	D:\Xilinx\Vivado\2017.4\lib\win64.o\librdi_noc_frameworks.dll
0x00007ff928ad0000 - 0x00007ff928c7b000 	D:\Xilinx\Vivado\2017.4\lib\win64.o\librdi_nocdb.dll
0x00007ff9281d0000 - 0x00007ff928397000 	D:\Xilinx\Vivado\2017.4\lib\win64.o\librdi_noctools.dll
0x00007ff8eb4c0000 - 0x00007ff8ebf73000 	D:\Xilinx\Vivado\2017.4\lib\win64.o\libverific.dll
0x00007ff8edf10000 - 0x00007ff8ee45e000 	D:\Xilinx\Vivado\2017.4\lib\win64.o\librdi_xdm.dll
0x00007ff9316d0000 - 0x00007ff93176e000 	D:\Xilinx\Vivado\2017.4\lib\win64.o\libise.dll
0x00007ff947af0000 - 0x00007ff947b36000 	D:\Xilinx\Vivado\2017.4\lib\win64.o\librdi_wavedata_SimpleApi.dll
0x00007ff8ecdb0000 - 0x00007ff8ed273000 	D:\Xilinx\Vivado\2017.4\lib\win64.o\librdi_wavedata.dll
0x00007ff8ebf80000 - 0x00007ff8ecdb0000 	D:\Xilinx\Vivado\2017.4\lib\win64.o\librdi_route.dll
0x00007ff8eb280000 - 0x00007ff8eb4b7000 	D:\Xilinx\Vivado\2017.4\lib\win64.o\librdi_hsm.dll
0x00007ff8e9060000 - 0x00007ff8e9622000 	D:\Xilinx\Vivado\2017.4\lib\win64.o\librdi_abc_nomp.dll
0x00007ff990830000 - 0x00007ff99084a000 	D:\Xilinx\Vivado\2017.4\lib\win64.o\librdi_hmetis.dll

VM Arguments:
jvm_args: -Dfile.encoding=UTF-8 -Dsun.java2d.pmoffscreen=false -Dsun.java2d.xrender=false -Dsun.java2d.d3d=false -Dsun.awt.nopixfmt=true -Xverify:none -Dswing.aatext=true -XX:-UsePerfData -Djdk.map.althashing.threshold=512 -XX:StringTableSize=4072 -XX:NewSize=60m -XX:MaxNewSize=60m -Xms128m -Xmx3072m -Xss5m 
java_command: <unknown>
java_class_path (initial): D:/Xilinx/Vivado/2017.4\lib\classes\alloy.jar;D:/Xilinx/Vivado/2017.4\lib\classes\autopilot.scelaborator.jar;D:/Xilinx/Vivado/2017.4\lib\classes\autopilot.sourceprocessor.jar;D:/Xilinx/Vivado/2017.4\lib\classes\autopilot.tbprocessor.jar;D:/Xilinx/Vivado/2017.4\lib\classes\batik-anim.jar;D:/Xilinx/Vivado/2017.4\lib\classes\batik-awt-util.jar;D:/Xilinx/Vivado/2017.4\lib\classes\batik-bridge.jar;D:/Xilinx/Vivado/2017.4\lib\classes\batik-codec.jar;D:/Xilinx/Vivado/2017.4\lib\classes\batik-css.jar;D:/Xilinx/Vivado/2017.4\lib\classes\batik-dom.jar;D:/Xilinx/Vivado/2017.4\lib\classes\batik-ext.jar;D:/Xilinx/Vivado/2017.4\lib\classes\batik-gui-util.jar;D:/Xilinx/Vivado/2017.4\lib\classes\batik-gvt.jar;D:/Xilinx/Vivado/2017.4\lib\classes\batik-parser.jar;D:/Xilinx/Vivado/2017.4\lib\classes\batik-script.jar;D:/Xilinx/Vivado/2017.4\lib\classes\batik-svg-dom.jar;D:/Xilinx/Vivado/2017.4\lib\classes\batik-swing.jar;D:/Xilinx/Vivado/2017.4\lib\classes\batik-transcoder.jar;D:/Xilinx/Vivado/2017.4\lib\classes\batik-util.jar;D:/Xilinx/Vivado/2017.4\lib\classes\batik-xml.jar;D:/Xilinx/Vivado/2017.4\lib\classes\com.ibm.icu_4.4.2.v20110208.jar;D:/Xilinx/Vivado/2017.4\lib\classes\commons-math-2.2.jar;D:/Xilinx/Vivado/2017.4\lib\classes\dom4j-1.6.1.jar;D:/Xilinx/Vivado/2017.4\lib\classes\guava-18.0.jar;D:/Xilinx/Vivado/2017.4\lib\classes\help.jar;D:/Xilinx/Vivado/2017.4\lib\classes\hsqldb.jar;D:/Xilinx/Vivado/2017.4\lib\classes\jargs.jar;D:/Xilinx/Vivado/2017.4\lib\classes\jh.jar;D:/Xilinx/Vivado/2017.4\lib\classes\jide-action.jar;D:/Xilinx/Vivado/2017.4\lib\classes\jide-charts.jar;D:/Xilinx/Vivado/2017.4\lib\classes\jide-common.jar;D:/Xilinx/Vivado/2017.4\lib\classes\jide-components.jar;D:/Xilinx/Vivado/2017.4\lib\classes\jide-dashboard.jar;D:/Xilinx/Vivado/2017.4\lib\classes\jide-data.jar;D:/Xilinx/Vivado/2017.4\lib\classes\jide-dialogs.jar;D:/Xilinx/Vivado/2017.4\lib\classes\jide-diff.jar;D:/Xilinx/Vivado/2017.4\lib\classes\jide-dock.jar;D:/Xilinx/Vivado/20
Launcher Type: generic

Environment Variables:
JAVA_TOOL_OPTIONS=-Dfile.encoding=UTF-8
PATH=D:/Xilinx/Vivado/2017.4/bin;D:/Xilinx/Vivado/2017.4/lib/win64.o;D:/Xilinx/Vivado/2017.4/tps/win64/jre/bin/server;D:/Xilinx/Vivado/2017.4/tps/win64/jre/bin;D:/Xilinx/SDK/2017.4/bin;D:/Xilinx/Vivado/2017.4/ids_lite/ISE/bin/nt64;D:/Xilinx/Vivado/2017.4/ids_lite/ISE/lib/nt64;C:\Program Files (x86)\Common Files\Oracle\Java\javapath;C:\Program Files (x86)\NVIDIA Corporation\PhysX\Common;C:\WINDOWS\system32;C:\WINDOWS;C:\WINDOWS\System32\Wbem;C:\WINDOWS\System32\WindowsPowerShell\v1.0\;C:\WINDOWS\System32\OpenSSH\;D:\Matlab2016a\runtime\win64;D:\Matlab2016a\bin;D:\Matlab2016a\polyspace\bin;C:\Program Files\Microsoft SQL Server\Client SDK\ODBC\110\Tools\Binn\;C:\Program Files (x86)\Microsoft SQL Server\120\Tools\Binn\;C:\Program Files\Microsoft SQL Server\120\Tools\Binn\;C:\Program Files\Microsoft SQL Server\120\DTS\Binn\;C:\Program Files (x86)\Windows Kits\8.1\Windows Performance Toolkit\;D:\Microsoft VS Code\bin;D:\Git\cmd;C:\Program Files\dotnet\;C:\Program Files (x86)\IVI Foundation\IVI\bin;C:\Program Files\IVI Foundation\IVI\bin;C:\Program Files (x86)\IVI Foundation\VISA\WinNT\Bin\;C:\Program Files\IVI Foundation\VISA\Win64\Bin\;C:\Users\Administrator\AppData\Local\Microsoft\WindowsApps;;D:/Xilinx/Vivado/2017.4\tps\mingw\6.2.0\win64.o\nt\bin;D:/Xilinx/Vivado/2017.4\tps\mingw\6.2.0\win64.o\nt\libexec\gcc\x86_64-w64-mingw32\6.2.0
USERNAME=Administrator
OS=Windows_NT
PROCESSOR_IDENTIFIER=AMD64 Family 23 Model 96 Stepping 1, AuthenticAMD



---------------  S Y S T E M  ---------------

OS: Windows 10.0 , 64 bit Build 22000 (10.0.22000.434)

CPU:total 16 (16 cores per cpu, 1 threads per core) family 23 model 96 stepping 1, cmov, cx8, fxsr, mmx, sse, sse2, sse3, ssse3, sse4.1, sse4.2, popcnt, avx, avx2, aes, clmul, mmxext, 3dnowpref, lzcnt, sse4a, tsc, tscinvbit, tscinv, bmi1

Memory: 4k page, physical 16112448k(6544184k free), swap 20568896k(7396260k free)

vm_info: Java HotSpot(TM) 64-Bit Server VM (25.112-b15) for windows-amd64 JRE (1.8.0_112-b15), built on Sep 22 2016 21:31:56 by "java_re" with MS VC++ 10.0 (VS2010)

time: Sat Mar 26 15:53:14 2022
elapsed time: 973 seconds (0d 0h 16m 13s)

