#
# A fatal error has been detected by the Java Runtime Environment:
#
#  EXCEPTION_ACCESS_VIOLATION (0xc0000005) at pc=0x0000000419930522, pid=2364, tid=0x0000000000003d14
#
# JRE version: Java(TM) SE Runtime Environment (8.0_112-b15) (build 1.8.0_112-b15)
# Java VM: Java HotSpot(TM) 64-Bit Server VM (25.112-b15 mixed mode windows-amd64 compressed oops)
# Problematic frame:
# C  0x0000000419930522
#
# Failed to write core dump. Minidumps are not enabled by default on client versions of Windows
#
# If you would like to submit a bug report, please visit:
#   http://bugreport.java.com/bugreport/crash.jsp
# The crash happened outside the Java Virtual Machine in native code.
# See problematic frame for where to report the bug.
#

---------------  T H R E A D  ---------------

Current thread (0x000002afe6811000):  JavaThread "AWT-EventQueue-1" [_thread_in_native, id=15636, stack(0x000000f92e900000,0x000000f92ee00000)]

siginfo: ExceptionCode=0xc0000005, ExceptionInformation=0x0000000000000008 0x0000000419930522

Registers:
RAX=0x00007ff92be6bb98, RBX=0x0000000000000000, RCX=0x000002afe4ff37d0, RDX=0x0000000000000000
RSP=0x000000f92edfd148, RBP=0x000000f92edfd2a0, RSI=0x000002aff071dd40, RDI=0x000000f92edfd288
R8 =0x00007ff92bf2bbc0, R9 =0x0000000000000000, R10=0x0000000000000002, R11=0x000000f92edfd120
R12=0x0000000000000000, R13=0x00000007035ff6e0, R14=0x000002afe4ff37d0, R15=0x000000003a6badcd
RIP=0x0000000419930522, EFLAGS=0x0000000000010246

Top of Stack: (sp=0x000000f92edfd148)
0x000000f92edfd148:   00007ff8ecf26afe 000002aff0ab79b0
0x000000f92edfd158:   000002aff0ab79b0 000002aff071dd40
0x000000f92edfd168:   000002aff071dd40 0000000000000000
0x000000f92edfd178:   0000000058589521 0000000000000001
0x000000f92edfd188:   0000000000000001 f120000000000000
0x000000f92edfd198:   0000000000010000 fffffffffffffffe
0x000000f92edfd1a8:   000000f92edfd288 000001ef00000432
0x000000f92edfd1b8:   00007ff9a480964d 000000000230046e
0x000000f92edfd1c8:   0000cfc5f9d4c5f0 000002aff06bf390
0x000000f92edfd1d8:   0000cfc5f9d4c430 0000000000000000
0x000000f92edfd1e8:   000000f92edfd4b8 0000000000000000
0x000000f92edfd1f8:   000002afefffd9c0 000000003a6badcd
0x000000f92edfd208:   000000f92edfd320 000002aff0ab79b0
0x000000f92edfd218:   00007ff8ecf92a26 000002afbf210d50
0x000000f92edfd228:   00007ff9a480964d 000000000227046e
0x000000f92edfd238:   0000000000000028 000000f92edfd2a0 

Instructions: (pc=0x0000000419930522)
0x0000000419930502:   
[error occurred during error reporting (printing registers, top of stack, instructions near pc), id 0xc0000005]

Register to memory mapping:

RAX=0x00007ff92be6bb98 is an unknown value
RBX=0x0000000000000000 is an unknown value
RCX=0x000002afe4ff37d0 is an unknown value
RDX=0x0000000000000000 is an unknown value
RSP=0x000000f92edfd148 is pointing into the stack for thread: 0x000002afe6811000
RBP=0x000000f92edfd2a0 is pointing into the stack for thread: 0x000002afe6811000
RSI=0x000002aff071dd40 is an unknown value
RDI=0x000000f92edfd288 is pointing into the stack for thread: 0x000002afe6811000
R8 =0x00007ff92bf2bbc0 is an unknown value
R9 =0x0000000000000000 is an unknown value
R10=0x0000000000000002 is an unknown value
R11=0x000000f92edfd120 is pointing into the stack for thread: 0x000002afe6811000
R12=0x0000000000000000 is an unknown value
R13=0x00000007035ff6e0 is an oop
ui.views.waveform.n 
 - klass: 'ui/views/waveform/n'
R14=0x000002afe4ff37d0 is an unknown value
R15=0x000000003a6badcd is an unknown value


Stack: [0x000000f92e900000,0x000000f92ee00000],  sp=0x000000f92edfd148,  free space=5108k
Native frames: (J=compiled Java code, j=interpreted, Vv=VM code, C=native code)
C  0x0000000419930522

Java frames: (J=compiled Java code, j=interpreted, Vv=VM code)
J 18365  ui.views.waveform.waveformi.WVExecutive_getTooltipTextDelayed(J)Ljava/lang/String; (0 bytes) @ 0x000002afcc565341 [0x000002afcc565300+0x41]
J 20899 C2 ui.views.waveform.b.a.mouseMoved(Ljava/awt/event/MouseEvent;)V (32 bytes) @ 0x000002afcb070bac [0x000002afcb0705a0+0x60c]
J 16021 C2 java.awt.AWTEventMulticaster.mouseMoved(Ljava/awt/event/MouseEvent;)V (27 bytes) @ 0x000002afcb2efa94 [0x000002afcb2ef9e0+0xb4]
J 16021 C2 java.awt.AWTEventMulticaster.mouseMoved(Ljava/awt/event/MouseEvent;)V (27 bytes) @ 0x000002afcb2efa54 [0x000002afcb2ef9e0+0x74]
J 20898 C2 ui.frmwork.c.i.processMouseMotionEvent(Ljava/awt/event/MouseEvent;)V (131 bytes) @ 0x000002afcbea7094 [0x000002afcbea6dc0+0x2d4]
J 10269 C2 java.awt.Container.processEvent(Ljava/awt/AWTEvent;)V (22 bytes) @ 0x000002afc9fcc394 [0x000002afc9fcc220+0x174]
J 19958 C2 java.awt.Component.dispatchEventImpl(Ljava/awt/AWTEvent;)V (883 bytes) @ 0x000002afcc992288 [0x000002afcc991780+0xb08]
J 19955 C2 java.awt.Container.dispatchEventImpl(Ljava/awt/AWTEvent;)V (129 bytes) @ 0x000002afcbe6f2d8 [0x000002afcbe6f280+0x58]
J 19815 C2 java.awt.LightweightDispatcher.retargetMouseEvent(Ljava/awt/Component;ILjava/awt/event/MouseEvent;)V (350 bytes) @ 0x000002afcc4dedb0 [0x000002afcc4de920+0x490]
J 18389 C2 java.awt.LightweightDispatcher.processMouseEvent(Ljava/awt/event/MouseEvent;)Z (286 bytes) @ 0x000002afcad9f58c [0x000002afcad9f080+0x50c]
J 19739 C2 java.awt.Window.dispatchEventImpl(Ljava/awt/AWTEvent;)V (23 bytes) @ 0x000002afcc8f488c [0x000002afcc8f43e0+0x4ac]
J 10757 C2 java.awt.EventQueue$3.run()Ljava/lang/Object; (5 bytes) @ 0x000002afca6d737c [0x000002afca6d6fa0+0x3dc]
v  ~StubRoutines::call_stub
J 1839  java.security.AccessController.doPrivileged(Ljava/security/PrivilegedAction;Ljava/security/AccessControlContext;)Ljava/lang/Object; (0 bytes) @ 0x000002afc9823366 [0x000002afc9823300+0x66]
J 15504 C2 java.awt.EventQueue$4.run()Ljava/lang/Object; (5 bytes) @ 0x000002afcbeb82e8 [0x000002afcbeb8160+0x188]
v  ~StubRoutines::call_stub
J 1839  java.security.AccessController.doPrivileged(Ljava/security/PrivilegedAction;Ljava/security/AccessControlContext;)Ljava/lang/Object; (0 bytes) @ 0x000002afc9823366 [0x000002afc9823300+0x66]
J 12066 C2 ui.frmwork.b.d.dispatchEvent(Ljava/awt/AWTEvent;)V (45 bytes) @ 0x000002afc9abf1cc [0x000002afc9abef20+0x2ac]
J 19855 C2 java.awt.EventDispatchThread.pumpOneEventForFilters(I)V (295 bytes) @ 0x000002afcc926510 [0x000002afcc926060+0x4b0]
J 16005% C2 java.awt.EventDispatchThread.pumpEventsForFilter(ILjava/awt/Conditional;Ljava/awt/EventFilter;)V (47 bytes) @ 0x000002afcab32830 [0x000002afcab32720+0x110]
j  java.awt.EventDispatchThread.pumpEventsForHierarchy(ILjava/awt/Conditional;Ljava/awt/Component;)V+11
j  java.awt.EventDispatchThread.pumpEvents(ILjava/awt/Conditional;)V+4
j  java.awt.EventDispatchThread.pumpEvents(Ljava/awt/Conditional;)V+3
j  java.awt.EventDispatchThread.run()V+9
v  ~StubRoutines::call_stub

---------------  P R O C E S S  ---------------

Java Threads: ( => current thread )
  0x000002afebf31000 JavaThread "Tcl Command Line: relaunch_sim" [_thread_blocked, id=8716, stack(0x000000f932300000,0x000000f932800000)]
  0x000002afebf24800 JavaThread "Thread-843" [_thread_in_native, id=1460, stack(0x000000f927700000,0x000000f927800000)]
  0x000002afe1f7f000 JavaThread "Thread-792" [_thread_in_native, id=17748, stack(0x000000f930600000,0x000000f930700000)]
  0x000002afebf26000 JavaThread "Thread-750" [_thread_in_native, id=10292, stack(0x000000f930500000,0x000000f930600000)]
  0x000002afe1f82000 JavaThread "Thread-718" [_thread_in_native, id=17444, stack(0x000000f927700000,0x000000f927800000)]
  0x000002afe1f80800 JavaThread "Thread-694" [_thread_in_native, id=17828, stack(0x000000f927800000,0x000000f927900000)]
  0x000002afe1f7f800 JavaThread "Thread-693" [_thread_in_native, id=15780, stack(0x000000f927700000,0x000000f927800000)]
  0x000002afe1f7a800 JavaThread "Swing-Shell" daemon [_thread_blocked, id=14628, stack(0x000000f931e00000,0x000000f932300000)]
  0x000002afe1f76800 JavaThread "SyntheticaAnimation 50" daemon [_thread_blocked, id=9372, stack(0x000000f92ee00000,0x000000f92f300000)]
  0x000002afe1f79000 JavaThread "Thread-589" [_thread_in_native, id=17492, stack(0x000000f927800000,0x000000f927900000)]
  0x000002afe1f74800 JavaThread "Thread-588" [_thread_in_native, id=12984, stack(0x000000f927700000,0x000000f927800000)]
  0x000002afe7119800 JavaThread "Thread-414" [_thread_in_native, id=11824, stack(0x000000f927800000,0x000000f927900000)]
  0x000002afebf32000 JavaThread "Thread-413" [_thread_in_native, id=14556, stack(0x000000f927700000,0x000000f927800000)]
  0x000002afebf2b000 JavaThread "Thread-387" [_thread_in_native, id=17732, stack(0x000000f927700000,0x000000f927800000)]
  0x000002afebf30800 JavaThread "Thread-320" [_thread_in_native, id=5712, stack(0x000000f927800000,0x000000f927900000)]
  0x000002afebf29800 JavaThread "Thread-319" [_thread_in_native, id=5016, stack(0x000000f927700000,0x000000f927800000)]
  0x000002afebf2c000 JavaThread "Thread-272" [_thread_in_native, id=3692, stack(0x000000f927800000,0x000000f927900000)]
  0x000002afebf2f000 JavaThread "Thread-271" [_thread_in_native, id=3204, stack(0x000000f927700000,0x000000f927800000)]
  0x000002afebf2d800 JavaThread "Thread-244" [_thread_in_native, id=2140, stack(0x000000f927800000,0x000000f927900000)]
  0x000002afebf2e000 JavaThread "Thread-243" [_thread_in_native, id=11684, stack(0x000000f927700000,0x000000f927800000)]
  0x000002afebf28000 JavaThread "Thread-173" [_thread_in_native, id=13016, stack(0x000000f927800000,0x000000f927900000)]
  0x000002afebf25000 JavaThread "Thread-172" [_thread_in_native, id=4268, stack(0x000000f927700000,0x000000f927800000)]
  0x000002afebf26800 JavaThread "SyntheticaAnimation 50" daemon [_thread_blocked, id=1876, stack(0x000000f92da00000,0x000000f92df00000)]
  0x000002afebf23800 JavaThread "Thread-22" [_thread_in_native, id=12604, stack(0x000000f932400000,0x000000f932500000)]
  0x000002afebf29000 JavaThread "Thread-21" [_thread_in_native, id=5968, stack(0x000000f932300000,0x000000f932400000)]
  0x000002afe7120000 JavaThread "hw_ila_monitor" [_thread_blocked, id=4544, stack(0x000000f931900000,0x000000f931e00000)]
  0x000002afe711e000 JavaThread "Update Runs Swing Worker" [_thread_blocked, id=13608, stack(0x000000f931400000,0x000000f931900000)]
  0x000002afe711f800 JavaThread "Refresh Filesets Swing Worker" [_thread_blocked, id=4460, stack(0x000000f930f00000,0x000000f931400000)]
  0x000002afe711d000 JavaThread "SyntheticaAnimation 70" daemon [_thread_blocked, id=10932, stack(0x000000f930a00000,0x000000f930f00000)]
  0x000002afe711e800 JavaThread "SyntheticaAnimation 25" daemon [_thread_blocked, id=6220, stack(0x000000f930000000,0x000000f930500000)]
  0x000002afe711b800 JavaThread "SyntheticaAnimation 50" daemon [_thread_blocked, id=14692, stack(0x000000f92fb00000,0x000000f930000000)]
  0x000002afe711c800 JavaThread "Batik CleanerThread" daemon [_thread_blocked, id=12916, stack(0x000000f92f300000,0x000000f92f800000)]
  0x000002afe6edb800 JavaThread "SyntheticaCleanerThread" daemon [_thread_blocked, id=2404, stack(0x000000f92df00000,0x000000f92e400000)]
=>0x000002afe6811000 JavaThread "AWT-EventQueue-1" [_thread_in_native, id=15636, stack(0x000000f92e900000,0x000000f92ee00000)]
  0x000002afe680a000 JavaThread "Process Messages" [_thread_blocked, id=15788, stack(0x000000f92e400000,0x000000f92e900000)]
  0x000002afe6b91000 JavaThread "Thread-3" [_thread_in_native, id=9584, stack(0x000000f927a00000,0x000000f928e00000)]
  0x000002afe39fe000 JavaThread "AWT-Windows" daemon [_thread_in_native, id=992, stack(0x000000f92d500000,0x000000f92da00000)]
  0x000002afe3a1e000 JavaThread "AWT-Shutdown" [_thread_blocked, id=16764, stack(0x000000f92d000000,0x000000f92d500000)]
  0x000002afe3a1d800 JavaThread "Java2D Disposer" daemon [_thread_blocked, id=13848, stack(0x000000f92cb00000,0x000000f92d000000)]
  0x000002afe3978800 JavaThread "TimerQueue" daemon [_thread_blocked, id=6108, stack(0x000000f92c600000,0x000000f92cb00000)]
  0x000002afe1ea9000 JavaThread "Service Thread" daemon [_thread_blocked, id=4696, stack(0x000000f92c000000,0x000000f92c500000)]
  0x000002afe1ea5000 JavaThread "C1 CompilerThread11" daemon [_thread_blocked, id=7692, stack(0x000000f92bf00000,0x000000f92c000000)]
  0x000002afe1ea4800 JavaThread "C1 CompilerThread10" daemon [_thread_blocked, id=7540, stack(0x000000f92be00000,0x000000f92bf00000)]
  0x000002afe1ea3800 JavaThread "C1 CompilerThread9" daemon [_thread_blocked, id=2436, stack(0x000000f92bd00000,0x000000f92be00000)]
  0x000002afe1ea3000 JavaThread "C1 CompilerThread8" daemon [_thread_blocked, id=15364, stack(0x000000f92bc00000,0x000000f92bd00000)]
  0x000002afe1ea0000 JavaThread "C2 CompilerThread7" daemon [_thread_blocked, id=8376, stack(0x000000f92bb00000,0x000000f92bc00000)]
  0x000002afe1e9b800 JavaThread "C2 CompilerThread6" daemon [_thread_blocked, id=15772, stack(0x000000f92ba00000,0x000000f92bb00000)]
  0x000002afe1e9a800 JavaThread "C2 CompilerThread5" daemon [_thread_blocked, id=5052, stack(0x000000f92b900000,0x000000f92ba00000)]
  0x000002afe1e9a000 JavaThread "C2 CompilerThread4" daemon [_thread_blocked, id=8364, stack(0x000000f92b800000,0x000000f92b900000)]
  0x000002afe1e99000 JavaThread "C2 CompilerThread3" daemon [_thread_blocked, id=3912, stack(0x000000f92b700000,0x000000f92b800000)]
  0x000002afe1e96000 JavaThread "C2 CompilerThread2" daemon [_thread_blocked, id=15548, stack(0x000000f92b600000,0x000000f92b700000)]
  0x000002afe1e94800 JavaThread "C2 CompilerThread1" daemon [_thread_blocked, id=1064, stack(0x000000f92b500000,0x000000f92b600000)]
  0x000002afe1e93800 JavaThread "C2 CompilerThread0" daemon [_thread_blocked, id=4156, stack(0x000000f92b400000,0x000000f92b500000)]
  0x000002afe1e93000 JavaThread "Attach Listener" daemon [_thread_blocked, id=12880, stack(0x000000f92af00000,0x000000f92b400000)]
  0x000002afe1e90800 JavaThread "Signal Dispatcher" daemon [_thread_blocked, id=16172, stack(0x000000f92aa00000,0x000000f92af00000)]
  0x000002afe01e7800 JavaThread "Finalizer" daemon [_thread_blocked, id=2488, stack(0x000000f92a500000,0x000000f92aa00000)]
  0x000002afe01e1000 JavaThread "Reference Handler" daemon [_thread_blocked, id=11768, stack(0x000000f92a000000,0x000000f92a500000)]
  0x000002afc8f25800 JavaThread "main" [_thread_blocked, id=7640, stack(0x000000f929100000,0x000000f929200000)]

Other Threads:
  0x000002afe01d9800 VMThread [stack: 0x000000f929f00000,0x000000f92a000000] [id=10256]
  0x000002afe1efb000 WatcherThread [stack: 0x000000f92c500000,0x000000f92c600000] [id=1560]

VM state:not at safepoint (normal execution)

VM Mutex/Monitor currently owned by a thread: None

Heap:
 PSYoungGen      total 59392K, used 32482K [0x00000007bc400000, 0x00000007c0000000, 0x00000007c0000000)
  eden space 57344K, 54% used [0x00000007bc400000,0x00000007be248b88,0x00000007bfc00000)
  from space 2048K, 71% used [0x00000007bfe00000,0x00000007bff70000,0x00000007c0000000)
  to   space 2048K, 0% used [0x00000007bfc00000,0x00000007bfc00000,0x00000007bfe00000)
 ParOldGen       total 227328K, used 93854K [0x0000000700000000, 0x000000070de00000, 0x00000007bc400000)
  object space 227328K, 41% used [0x0000000700000000,0x0000000705ba7828,0x000000070de00000)
 Metaspace       used 72392K, capacity 73097K, committed 73984K, reserved 1114112K
  class space    used 9755K, capacity 9898K, committed 9984K, reserved 1048576K

Card table byte_map: [0x000002afd83e0000,0x000002afd89f0000] byte_map_base: 0x000002afd4be0000

Marking Bits: (ParMarkBitMap*) 0x0000000058c0a6d0
 Begin Bits: [0x000002afd8fe0000, 0x000002afdbfe0000)
 End Bits:   [0x000002afdbfe0000, 0x000002afdefe0000)

Polling page: 0x000002afbf330000

CodeCache: size=245760Kb used=62898Kb max_used=62898Kb free=182862Kb
 bounds [0x000002afc9020000, 0x000002afcce10000, 0x000002afd8020000]
 total_blobs=16982 nmethods=16081 adapters=802
 compilation: enabled

Compilation events (10 events):
Event: 5930.653 Thread 0x000002afe1ea5000 nmethod 21483 0x000002afcb6ad9d0 code [0x000002afcb6adb60, 0x000002afcb6adfb0]
Event: 5930.653 Thread 0x000002afe1ea3000 nmethod 21484 0x000002afc9491350 code [0x000002afc94914e0, 0x000002afc94918c0]
Event: 5930.657 Thread 0x000002afe1ea4800 21487       3       javax.swing.JList::getCellBounds (21 bytes)
Event: 5930.657 Thread 0x000002afe1ea5000 21486       3       javax.swing.JList::getToolTipText (214 bytes)
Event: 5930.657 Thread 0x000002afe1ea4800 nmethod 21487 0x000002afc9fcb610 code [0x000002afc9fcb7a0, 0x000002afc9fcbc10]
Event: 5930.658 Thread 0x000002afe1ea5000 nmethod 21486 0x000002afc9fc8ad0 code [0x000002afc9fc8dc0, 0x000002afc9fcabd0]
Event: 5930.813 Thread 0x000002afe1ea3000 21488       3       java.lang.invoke.MethodHandles$Lookup::in (125 bytes)
Event: 5930.813 Thread 0x000002afe1ea3800 21489       3       java.lang.invoke.MemberName::checkForTypeAlias (168 bytes)
Event: 5930.814 Thread 0x000002afe1ea3000 nmethod 21488 0x000002afccdfb7d0 code [0x000002afccdfba00, 0x000002afccdfc6a0]
Event: 5930.815 Thread 0x000002afe1ea3800 nmethod 21489 0x000002afccdfe090 code [0x000002afccdfe480, 0x000002afcce00b40]

GC Heap History (10 events):
Event: 5894.196 GC heap before
{Heap before GC invocations=294 (full 52):
 PSYoungGen      total 59392K, used 58272K [0x00000007bc400000, 0x00000007c0000000, 0x00000007c0000000)
  eden space 57344K, 100% used [0x00000007bc400000,0x00000007bfc00000,0x00000007bfc00000)
  from space 2048K, 45% used [0x00000007bfc00000,0x00000007bfce8000,0x00000007bfe00000)
  to   space 2048K, 0% used [0x00000007bfe00000,0x00000007bfe00000,0x00000007c0000000)
 ParOldGen       total 227328K, used 64152K [0x0000000700000000, 0x000000070de00000, 0x00000007bc400000)
  object space 227328K, 28% used [0x0000000700000000,0x0000000703ea62c8,0x000000070de00000)
 Metaspace       used 72357K, capacity 73085K, committed 73984K, reserved 1114112K
  class space    used 9753K, capacity 9896K, committed 9984K, reserved 1048576K
Event: 5894.199 GC heap after
Heap after GC invocations=294 (full 52):
 PSYoungGen      total 59392K, used 1056K [0x00000007bc400000, 0x00000007c0000000, 0x00000007c0000000)
  eden space 57344K, 0% used [0x00000007bc400000,0x00000007bc400000,0x00000007bfc00000)
  from space 2048K, 51% used [0x00000007bfe00000,0x00000007bff08000,0x00000007c0000000)
  to   space 2048K, 0% used [0x00000007bfc00000,0x00000007bfc00000,0x00000007bfe00000)
 ParOldGen       total 227328K, used 64152K [0x0000000700000000, 0x000000070de00000, 0x00000007bc400000)
  object space 227328K, 28% used [0x0000000700000000,0x0000000703ea62c8,0x000000070de00000)
 Metaspace       used 72357K, capacity 73085K, committed 73984K, reserved 1114112K
  class space    used 9753K, capacity 9896K, committed 9984K, reserved 1048576K
}
Event: 5895.265 GC heap before
{Heap before GC invocations=295 (full 52):
 PSYoungGen      total 59392K, used 58400K [0x00000007bc400000, 0x00000007c0000000, 0x00000007c0000000)
  eden space 57344K, 100% used [0x00000007bc400000,0x00000007bfc00000,0x00000007bfc00000)
  from space 2048K, 51% used [0x00000007bfe00000,0x00000007bff08000,0x00000007c0000000)
  to   space 2048K, 0% used [0x00000007bfc00000,0x00000007bfc00000,0x00000007bfe00000)
 ParOldGen       total 227328K, used 64152K [0x0000000700000000, 0x000000070de00000, 0x00000007bc400000)
  object space 227328K, 28% used [0x0000000700000000,0x0000000703ea62c8,0x000000070de00000)
 Metaspace       used 72357K, capacity 73085K, committed 73984K, reserved 1114112K
  class space    used 9753K, capacity 9896K, committed 9984K, reserved 1048576K
Event: 5895.268 GC heap after
Heap after GC invocations=295 (full 52):
 PSYoungGen      total 59392K, used 1056K [0x00000007bc400000, 0x00000007c0000000, 0x00000007c0000000)
  eden space 57344K, 0% used [0x00000007bc400000,0x00000007bc400000,0x00000007bfc00000)
  from space 2048K, 51% used [0x00000007bfc00000,0x00000007bfd08000,0x00000007bfe00000)
  to   space 2048K, 0% used [0x00000007bfe00000,0x00000007bfe00000,0x00000007c0000000)
 ParOldGen       total 227328K, used 64152K [0x0000000700000000, 0x000000070de00000, 0x00000007bc400000)
  object space 227328K, 28% used [0x0000000700000000,0x0000000703ea62c8,0x000000070de00000)
 Metaspace       used 72357K, capacity 73085K, committed 73984K, reserved 1114112K
  class space    used 9753K, capacity 9896K, committed 9984K, reserved 1048576K
}
Event: 5896.132 GC heap before
{Heap before GC invocations=296 (full 52):
 PSYoungGen      total 59392K, used 13630K [0x00000007bc400000, 0x00000007c0000000, 0x00000007c0000000)
  eden space 57344K, 21% used [0x00000007bc400000,0x00000007bd0478e8,0x00000007bfc00000)
  from space 2048K, 51% used [0x00000007bfc00000,0x00000007bfd08000,0x00000007bfe00000)
  to   space 2048K, 0% used [0x00000007bfe00000,0x00000007bfe00000,0x00000007c0000000)
 ParOldGen       total 227328K, used 64152K [0x0000000700000000, 0x000000070de00000, 0x00000007bc400000)
  object space 227328K, 28% used [0x0000000700000000,0x0000000703ea62c8,0x000000070de00000)
 Metaspace       used 72357K, capacity 73085K, committed 73984K, reserved 1114112K
  class space    used 9753K, capacity 9896K, committed 9984K, reserved 1048576K
Event: 5896.136 GC heap after
Heap after GC invocations=296 (full 52):
 PSYoungGen      total 59392K, used 928K [0x00000007bc400000, 0x00000007c0000000, 0x00000007c0000000)
  eden space 57344K, 0% used [0x00000007bc400000,0x00000007bc400000,0x00000007bfc00000)
  from space 2048K, 45% used [0x00000007bfe00000,0x00000007bfee8000,0x00000007c0000000)
  to   space 2048K, 0% used [0x00000007bfc00000,0x00000007bfc00000,0x00000007bfe00000)
 ParOldGen       total 227328K, used 78999K [0x0000000700000000, 0x000000070de00000, 0x00000007bc400000)
  object space 227328K, 34% used [0x0000000700000000,0x0000000704d25d78,0x000000070de00000)
 Metaspace       used 72357K, capacity 73085K, committed 73984K, reserved 1114112K
  class space    used 9753K, capacity 9896K, committed 9984K, reserved 1048576K
}
Event: 5900.177 GC heap before
{Heap before GC invocations=297 (full 52):
 PSYoungGen      total 59392K, used 58272K [0x00000007bc400000, 0x00000007c0000000, 0x00000007c0000000)
  eden space 57344K, 100% used [0x00000007bc400000,0x00000007bfc00000,0x00000007bfc00000)
  from space 2048K, 45% used [0x00000007bfe00000,0x00000007bfee8000,0x00000007c0000000)
  to   space 2048K, 0% used [0x00000007bfc00000,0x00000007bfc00000,0x00000007bfe00000)
 ParOldGen       total 227328K, used 78999K [0x0000000700000000, 0x000000070de00000, 0x00000007bc400000)
  object space 227328K, 34% used [0x0000000700000000,0x0000000704d25d78,0x000000070de00000)
 Metaspace       used 72371K, capacity 73085K, committed 73984K, reserved 1114112K
  class space    used 9753K, capacity 9896K, committed 9984K, reserved 1048576K
Event: 5900.181 GC heap after
Heap after GC invocations=297 (full 52):
 PSYoungGen      total 59392K, used 1632K [0x00000007bc400000, 0x00000007c0000000, 0x00000007c0000000)
  eden space 57344K, 0% used [0x00000007bc400000,0x00000007bc400000,0x00000007bfc00000)
  from space 2048K, 79% used [0x00000007bfc00000,0x00000007bfd98000,0x00000007bfe00000)
  to   space 2048K, 0% used [0x00000007bfe00000,0x00000007bfe00000,0x00000007c0000000)
 ParOldGen       total 227328K, used 93854K [0x0000000700000000, 0x000000070de00000, 0x00000007bc400000)
  object space 227328K, 41% used [0x0000000700000000,0x0000000705ba7828,0x000000070de00000)
 Metaspace       used 72371K, capacity 73085K, committed 73984K, reserved 1114112K
  class space    used 9753K, capacity 9896K, committed 9984K, reserved 1048576K
}
Event: 5928.916 GC heap before
{Heap before GC invocations=298 (full 52):
 PSYoungGen      total 59392K, used 58976K [0x00000007bc400000, 0x00000007c0000000, 0x00000007c0000000)
  eden space 57344K, 100% used [0x00000007bc400000,0x00000007bfc00000,0x00000007bfc00000)
  from space 2048K, 79% used [0x00000007bfc00000,0x00000007bfd98000,0x00000007bfe00000)
  to   space 2048K, 0% used [0x00000007bfe00000,0x00000007bfe00000,0x00000007c0000000)
 ParOldGen       total 227328K, used 93854K [0x0000000700000000, 0x000000070de00000, 0x00000007bc400000)
  object space 227328K, 41% used [0x0000000700000000,0x0000000705ba7828,0x000000070de00000)
 Metaspace       used 72371K, capacity 73085K, committed 73984K, reserved 1114112K
  class space    used 9753K, capacity 9896K, committed 9984K, reserved 1048576K
Event: 5928.919 GC heap after
Heap after GC invocations=298 (full 52):
 PSYoungGen      total 59392K, used 1472K [0x00000007bc400000, 0x00000007c0000000, 0x00000007c0000000)
  eden space 57344K, 0% used [0x00000007bc400000,0x00000007bc400000,0x00000007bfc00000)
  from space 2048K, 71% used [0x00000007bfe00000,0x00000007bff70000,0x00000007c0000000)
  to   space 2048K, 0% used [0x00000007bfc00000,0x00000007bfc00000,0x00000007bfe00000)
 ParOldGen       total 227328K, used 93854K [0x0000000700000000, 0x000000070de00000, 0x00000007bc400000)
  object space 227328K, 41% used [0x0000000700000000,0x0000000705ba7828,0x000000070de00000)
 Metaspace       used 72371K, capacity 73085K, committed 73984K, reserved 1114112K
  class space    used 9753K, capacity 9896K, committed 9984K, reserved 1048576K
}

Deoptimization events (10 events):
Event: 5861.798 Thread 0x000002afe6811000 Uncommon trap: reason=class_check action=maybe_recompile pc=0x000002afcbfcca40 method=javax.swing.plaf.basic.BasicTreeUI.paintExpandControl(Ljava/awt/Graphics;Ljava/awt/Rectangle;Ljava/awt/Insets;Ljava/awt/Rectangle;Ljavax/swing/tree/TreePath;IZZZ)V @ 23
Event: 5862.138 Thread 0x000002afe6811000 Uncommon trap: reason=class_check action=maybe_recompile pc=0x000002afcbfcca40 method=javax.swing.plaf.basic.BasicTreeUI.paintExpandControl(Ljava/awt/Graphics;Ljava/awt/Rectangle;Ljava/awt/Insets;Ljava/awt/Rectangle;Ljavax/swing/tree/TreePath;IZZZ)V @ 23
Event: 5866.545 Thread 0x000002afe6811000 Uncommon trap: reason=bimorphic action=maybe_recompile pc=0x000002afcc6cff1c method=javax.swing.tree.VariableHeightLayoutCache$TreeStateNode.expand(Z)V @ 165
Event: 5866.619 Thread 0x000002afe6811000 Uncommon trap: reason=bimorphic action=maybe_recompile pc=0x000002afc9945a74 method=java.util.TreeMap.getEntryUsingComparator(Ljava/lang/Object;)Ljava/util/TreeMap$Entry; @ 29
Event: 5866.654 Thread 0x000002afe6811000 Uncommon trap: reason=bimorphic action=maybe_recompile pc=0x000002afc9d2e500 method=java.lang.Throwable.<init>()V @ 24
Event: 5866.976 Thread 0x000002afe6811000 Uncommon trap: reason=class_check action=maybe_recompile pc=0x000002afcc8db928 method=java.awt.LightweightDispatcher.retargetMouseEnterExit(Ljava/awt/Component;Ljava/awt/event/MouseEvent;Ljava/awt/Component;Z)Ljava/awt/Component; @ 46
Event: 5878.088 Thread 0x000002afe6811000 Uncommon trap: reason=unstable_if action=reinterpret pc=0x000002afcc0bae48 method=javax.swing.text.html.parser.Parser.parseContent()V @ 296
Event: 5905.826 Thread 0x000002afe6811000 Uncommon trap: reason=class_check action=maybe_recompile pc=0x000002afccd8de38 method=javax.swing.ToolTipManager.mouseMoved(Ljava/awt/event/MouseEvent;)V @ 49
Event: 5930.798 Thread 0x000002afe6811000 Uncommon trap: reason=unstable_if action=reinterpret pc=0x000002afc933f248 method=java.io.WinNTFileSystem.normalize(Ljava/lang/String;)Ljava/lang/String; @ 74
Event: 5930.813 Thread 0x000002afe6811000 Uncommon trap: reason=unstable_if action=reinterpret pc=0x000002afca014a84 method=java.lang.Throwable.getOurStackTrace()[Ljava/lang/StackTraceElement; @ 7

Internal exceptions (10 events):
Event: 5913.841 Thread 0x000002afe6811000 Exception <a 'java/io/FileNotFoundException'> (0x00000007bf326298) thrown at [C:\re\workspace\8-2-build-windows-amd64-cygwin\jdk8u112\7884\hotspot\src\share\vm\prims\jni.cpp, line 709]
Event: 5918.841 Thread 0x000002afe6811000 Exception <a 'java/io/FileNotFoundException'> (0x00000007bf5aa2e8) thrown at [C:\re\workspace\8-2-build-windows-amd64-cygwin\jdk8u112\7884\hotspot\src\share\vm\prims\jni.cpp, line 709]
Event: 5918.841 Thread 0x000002afe6811000 Exception <a 'java/io/FileNotFoundException'> (0x00000007bf5aa928) thrown at [C:\re\workspace\8-2-build-windows-amd64-cygwin\jdk8u112\7884\hotspot\src\share\vm\prims\jni.cpp, line 709]
Event: 5923.842 Thread 0x000002afe6811000 Exception <a 'java/io/FileNotFoundException'> (0x00000007bf5e6ff0) thrown at [C:\re\workspace\8-2-build-windows-amd64-cygwin\jdk8u112\7884\hotspot\src\share\vm\prims\jni.cpp, line 709]
Event: 5923.842 Thread 0x000002afe6811000 Exception <a 'java/io/FileNotFoundException'> (0x00000007bf5e7630) thrown at [C:\re\workspace\8-2-build-windows-amd64-cygwin\jdk8u112\7884\hotspot\src\share\vm\prims\jni.cpp, line 709]
Event: 5928.842 Thread 0x000002afe6811000 Exception <a 'java/io/FileNotFoundException'> (0x00000007bfa612f0) thrown at [C:\re\workspace\8-2-build-windows-amd64-cygwin\jdk8u112\7884\hotspot\src\share\vm\prims\jni.cpp, line 709]
Event: 5928.842 Thread 0x000002afe6811000 Exception <a 'java/io/FileNotFoundException'> (0x00000007bfa61930) thrown at [C:\re\workspace\8-2-build-windows-amd64-cygwin\jdk8u112\7884\hotspot\src\share\vm\prims\jni.cpp, line 709]
Event: 5930.797 Thread 0x000002afe6811000 Exception <a 'ui/frmwork/CommandFailedException'> (0x00000007be154b90) thrown at [C:\re\workspace\8-2-build-windows-amd64-cygwin\jdk8u112\7884\hotspot\src\share\vm\prims\jni.cpp, line 709]
Event: 5930.797 Thread 0x000002afe6811000 Exception <a 'java/security/PrivilegedActionException'> (0x00000007be155e68) thrown at [C:\re\workspace\8-2-build-windows-amd64-cygwin\jdk8u112\7884\hotspot\src\share\vm\prims\jvm.cpp, line 1390]
Event: 5930.797 Thread 0x000002afe6811000 Exception <a 'java/security/PrivilegedActionException'> (0x00000007be156078) thrown at [C:\re\workspace\8-2-build-windows-amd64-cygwin\jdk8u112\7884\hotspot\src\share\vm\prims\jvm.cpp, line 1390]

Events (10 events):
Event: 5930.797 loading class java/util/NoSuchElementException done
Event: 5930.797 loading class ui/utils/d/a
Event: 5930.797 loading class ui/utils/d/a done
Event: 5930.798 Thread 0x000002afe6811000 Uncommon trap: trap_request=0xffffff65 fr.pc=0x000002afc933f248
Event: 5930.798 Thread 0x000002afe6811000 DEOPT PACKING pc=0x000002afc933f248 sp=0x000000f92edff190
Event: 5930.798 Thread 0x000002afe6811000 DEOPT UNPACKING pc=0x000002afc9065832 sp=0x000000f92edff110 mode 2
Event: 5930.813 Thread 0x000002afe6811000 Uncommon trap: trap_request=0xffffff65 fr.pc=0x000002afca014a84
Event: 5930.813 Thread 0x000002afe6811000 DEOPT PACKING pc=0x000002afca014a84 sp=0x000000f92edfeed0
Event: 5930.813 Thread 0x000002afe6811000 DEOPT UNPACKING pc=0x000002afc9065832 sp=0x000000f92edfee88 mode 2
Event: 5930.814 Thread 0x000002afe1ea3000 flushing nmethod 0x000002afca7e8fd0


Dynamic libraries:
0x00007ff68a7f0000 - 0x00007ff68a820000 	D:\Xilinx\Vivado\2017.4\bin\unwrapped\win64.o\vivado.exe
0x00007ff9a47e0000 - 0x00007ff9a49e9000 	C:\WINDOWS\SYSTEM32\ntdll.dll
0x00007ff9a2f50000 - 0x00007ff9a300d000 	C:\WINDOWS\System32\KERNEL32.DLL
0x00007ff9a1f00000 - 0x00007ff9a2274000 	C:\WINDOWS\System32\KERNELBASE.dll
0x00007ff9a2390000 - 0x00007ff9a24a1000 	C:\WINDOWS\System32\ucrtbase.dll
0x00007ff98d6c0000 - 0x00007ff98d74d000 	C:\WINDOWS\SYSTEM32\MSVCP140.dll
0x00007ff98d820000 - 0x00007ff98d83b000 	C:\WINDOWS\SYSTEM32\VCRUNTIME140.dll
0x00007ff98d0f0000 - 0x00007ff98d0fc000 	C:\WINDOWS\SYSTEM32\VCRUNTIME140_1.dll
0x00007ff990090000 - 0x00007ff9900a4000 	D:\Xilinx\Vivado\2017.4\lib\win64.o\librdi_commonmain.dll
0x00007ff98f320000 - 0x00007ff98f334000 	D:\Xilinx\Vivado\2017.4\lib\win64.o\libboost_signals.dll
0x00007ff99ac30000 - 0x00007ff99ac3a000 	D:\Xilinx\Vivado\2017.4\lib\win64.o\librdi_commonversion.dll
0x00007ff98bc80000 - 0x00007ff98bca6000 	D:\Xilinx\Vivado\2017.4\lib\win64.o\libboost_filesystem.dll
0x00007ff9a3130000 - 0x00007ff9a31de000 	C:\WINDOWS\System32\ADVAPI32.dll
0x00007ff9a31e0000 - 0x00007ff9a3283000 	C:\WINDOWS\System32\msvcrt.dll
0x00007ff9a2a10000 - 0x00007ff9a2aae000 	C:\WINDOWS\System32\sechost.dll
0x00007ff9a26a0000 - 0x00007ff9a27c0000 	C:\WINDOWS\System32\RPCRT4.dll
0x0000000058c90000 - 0x0000000058dbb000 	D:\Xilinx\Vivado\2017.4\lib\win64.o\tcl85t.dll
0x00007ff9a3f70000 - 0x00007ff9a411c000 	C:\WINDOWS\System32\USER32.dll
0x00007ff9a2530000 - 0x00007ff9a2556000 	C:\WINDOWS\System32\win32u.dll
0x00007ff9a29e0000 - 0x00007ff9a2a09000 	C:\WINDOWS\System32\GDI32.dll
0x00007ff9a2560000 - 0x00007ff9a2672000 	C:\WINDOWS\System32\gdi32full.dll
0x00007ff9a22f0000 - 0x00007ff9a238d000 	C:\WINDOWS\System32\msvcp_win.dll
0x00007ff9a3c60000 - 0x00007ff9a3ccf000 	C:\WINDOWS\System32\WS2_32.dll
0x00007ff989bc0000 - 0x00007ff989cc0000 	D:\Xilinx\Vivado\2017.4\lib\win64.o\librdi_commonxillic.dll
0x00007ff9906f0000 - 0x00007ff9906fb000 	D:\Xilinx\Vivado\2017.4\lib\win64.o\libboost_system.dll
0x00007ff92c3a0000 - 0x00007ff92c655000 	D:\Xilinx\Vivado\2017.4\lib\win64.o\libXil_lmgr11.dll
0x00007ff9a32b0000 - 0x00007ff9a339c000 	C:\WINDOWS\System32\COMDLG32.dll
0x00007ff9a2bd0000 - 0x00007ff9a2f48000 	C:\WINDOWS\System32\combase.dll
0x00007ff9a3b60000 - 0x00007ff9a3c4a000 	C:\WINDOWS\System32\shcore.dll
0x00007ff9a45b0000 - 0x00007ff9a460d000 	C:\WINDOWS\System32\SHLWAPI.dll
0x00007ff9a33b0000 - 0x00007ff9a3b5e000 	C:\WINDOWS\System32\SHELL32.dll
0x00007ff9a2ab0000 - 0x00007ff9a2b86000 	C:\WINDOWS\System32\OLEAUT32.dll
0x00007ff9a3d40000 - 0x00007ff9a3eda000 	C:\WINDOWS\System32\ole32.dll
0x00007ff9a2280000 - 0x00007ff9a22e7000 	C:\WINDOWS\System32\WINTRUST.dll
0x00007ff9a1cd0000 - 0x00007ff9a1e32000 	C:\WINDOWS\System32\CRYPT32.dll
0x00007ff971580000 - 0x00007ff971694000 	D:\Xilinx\Vivado\2017.4\lib\win64.o\libboost_regex.dll
0x00007ff98d9c0000 - 0x00007ff98d9da000 	C:\WINDOWS\SYSTEM32\NETAPI32.dll
0x00007ff9819a0000 - 0x00007ff981a52000 	C:\WINDOWS\WinSxS\amd64_microsoft.windows.common-controls_6595b64144ccf1df_5.82.22000.1_none_271a8fad6a2d1b1e\COMCTL32.dll
0x00007ff990080000 - 0x00007ff990089000 	C:\WINDOWS\SYSTEM32\WSOCK32.dll
0x00007ff99a020000 - 0x00007ff99a03e000 	C:\WINDOWS\SYSTEM32\dhcpcsvc.DLL
0x00007ff92b6f0000 - 0x00007ff92c396000 	D:\Xilinx\Vivado\2017.4\lib\win64.o\librdi_common.dll
0x00007ff98bc60000 - 0x00007ff98bc74000 	D:\Xilinx\Vivado\2017.4\lib\win64.o\libboost_date_time.dll
0x00007ff989b40000 - 0x00007ff989bbf000 	D:\Xilinx\Vivado\2017.4\lib\win64.o\libboost_program_options.dll
0x00007ff92ae90000 - 0x00007ff92b1fe000 	D:\Xilinx\Vivado\2017.4\lib\win64.o\libCOIN-all.dll
0x00007ff98a450000 - 0x00007ff98a471000 	D:\Xilinx\Vivado\2017.4\lib\win64.o\libboost_thread.dll
0x00007ff98f310000 - 0x00007ff98f31f000 	D:\Xilinx\Vivado\2017.4\lib\win64.o\libboost_xilinx.dll
0x00007ff989360000 - 0x00007ff9893e2000 	D:\Xilinx\Vivado\2017.4\lib\win64.o\libhdlpsolve.dll
0x00007ff98a040000 - 0x00007ff98a06e000 	D:\Xilinx\Vivado\2017.4\lib\win64.o\libisl_sysinfo.dll
0x00007ff958c60000 - 0x00007ff958d05000 	D:\Xilinx\Vivado\2017.4\lib\win64.o\libhdxml.dll
0x00007ff970730000 - 0x00007ff970795000 	D:\Xilinx\Vivado\2017.4\lib\win64.o\liblmx6.0.dll
0x00007ff98a020000 - 0x00007ff98a035000 	D:\Xilinx\Vivado\2017.4\lib\win64.o\pthreadVC2.dll
0x00007ff93b730000 - 0x00007ff93b881000 	D:\Xilinx\Vivado\2017.4\lib\win64.o\librdi_curl.dll
0x00007ff9897b0000 - 0x00007ff9897cc000 	D:\Xilinx\Vivado\2017.4\lib\win64.o\librdiconfig.dll
0x00007ff989780000 - 0x00007ff9897a1000 	D:\Xilinx\Vivado\2017.4\lib\win64.o\librdizlib.dll
0x00000000583f0000 - 0x0000000058c8a000 	D:\Xilinx\Vivado\2017.4\tps\win64\jre\bin\server\jvm.dll
0x00007ff9a2680000 - 0x00007ff9a2688000 	C:\WINDOWS\System32\PSAPI.DLL
0x00007ff982610000 - 0x00007ff982b0a000 	C:\WINDOWS\SYSTEM32\WININET.dll
0x00007ff999480000 - 0x00007ff99958c000 	C:\WINDOWS\SYSTEM32\WINHTTP.dll
0x00007ff99b480000 - 0x00007ff99b66f000 	C:\WINDOWS\SYSTEM32\urlmon.dll
0x00007ff929ff0000 - 0x00007ff92ae81000 	D:\Xilinx\Vivado\2017.4\lib\win64.o\gurobi65.dll
0x00007ff9896f0000 - 0x00007ff989721000 	C:\WINDOWS\SYSTEM32\VCOMP140.DLL
0x00007ff98a440000 - 0x00007ff98a44d000 	D:\Xilinx\Vivado\2017.4\lib\win64.o\libboost_chrono.dll
0x00007ff97eef0000 - 0x00007ff97efc4000 	C:\WINDOWS\SYSTEM32\MSVCR110.dll
0x00007ff99acb0000 - 0x00007ff99ace3000 	C:\WINDOWS\SYSTEM32\WINMM.dll
0x00007ff99a9d0000 - 0x00007ff99a9da000 	C:\WINDOWS\SYSTEM32\VERSION.dll
0x000000005a350000 - 0x000000005a422000 	C:\WINDOWS\SYSTEM32\MSVCR100.dll
0x00007ff99b170000 - 0x00007ff99b423000 	C:\WINDOWS\SYSTEM32\iertutil.dll
0x00007ff99b430000 - 0x00007ff99b458000 	C:\WINDOWS\SYSTEM32\srvcli.dll
0x00007ff9a08f0000 - 0x00007ff9a08fc000 	C:\WINDOWS\SYSTEM32\netutils.dll
0x0000000012000000 - 0x0000000012272000 	D:\Xilinx\Vivado\2017.4\lib\win64.o\xerces-c_3_1.dll
0x00007ff929a00000 - 0x00007ff929feb400 	D:\Xilinx\Vivado\2017.4\lib\win64.o\libisl_iostreams.dll
0x00007ff989340000 - 0x00007ff98935b000 	D:\Xilinx\Vivado\2017.4\lib\win64.o\libboost_iostreams.dll
0x00007ff989310000 - 0x00007ff989335000 	D:\Xilinx\Vivado\2017.4\lib\win64.o\libisl_iosutils.dll
0x00007ff9a2b90000 - 0x00007ff9a2bc1000 	C:\WINDOWS\System32\IMM32.DLL
0x00007ff9a1510000 - 0x00007ff9a1522000 	C:\WINDOWS\SYSTEM32\MSASN1.dll
0x00007ff9a0dd0000 - 0x00007ff9a0de8000 	C:\WINDOWS\SYSTEM32\kernel.appcore.dll
0x00007ff929570000 - 0x00007ff9299fa000 	D:\Xilinx\Vivado\2017.4\lib\win64.o\librdi_commontasks.dll
0x00007ff929330000 - 0x00007ff92956f000 	D:\Xilinx\Vivado\2017.4\lib\win64.o\librdi_sio.dll
0x00007ff9a0900000 - 0x00007ff9a092d000 	C:\WINDOWS\SYSTEM32\IPHLPAPI.DLL
0x00007ff99fe40000 - 0x00007ff9a06a8000 	C:\WINDOWS\SYSTEM32\windows.storage.dll
0x00007ff99fcd0000 - 0x00007ff99fe36000 	C:\WINDOWS\SYSTEM32\wintypes.dll
0x00007ff90cf50000 - 0x00007ff90f0b5000 	D:\Xilinx\Vivado\2017.4\lib\win64.o\librdi_tcltasks.dll
0x00007ff947b40000 - 0x00007ff947baa000 	D:\Xilinx\Vivado\2017.4\lib\win64.o\librdi_boarddep.dll
0x00007ff914240000 - 0x00007ff9145a6000 	D:\Xilinx\Vivado\2017.4\lib\win64.o\librdi_bitstream.dll
0x00007ff93b330000 - 0x00007ff93b4a9000 	D:\Xilinx\Vivado\2017.4\lib\win64.o\librdi_board.dll
0x00007ff928860000 - 0x00007ff928aa6000 	D:\Xilinx\Vivado\2017.4\lib\win64.o\librdi_chipscope.dll
0x00007ff931770000 - 0x00007ff931898000 	D:\Xilinx\Vivado\2017.4\lib\win64.o\librdi_containers.dll
0x00007ff9093d0000 - 0x00007ff90cf46000 	D:\Xilinx\Vivado\2017.4\lib\win64.o\librdi_designutils.dll
0x00007ff907cc0000 - 0x00007ff9093cb000 	D:\Xilinx\Vivado\2017.4\lib\win64.o\librdi_constraints.dll
0x00007ff927e90000 - 0x00007ff928105000 	D:\Xilinx\Vivado\2017.4\lib\win64.o\librdi_dlyest.dll
0x00007ff907580000 - 0x00007ff907cb8000 	D:\Xilinx\Vivado\2017.4\lib\win64.o\librdi_drc.dll
0x00007ff9351b0000 - 0x00007ff93527e000 	D:\Xilinx\Vivado\2017.4\lib\win64.o\librdi_dsp.dll
0x00007ff906fd0000 - 0x00007ff907580000 	D:\Xilinx\Vivado\2017.4\lib\win64.o\librdi_filemgmt.dll
0x00007ff903fc0000 - 0x00007ff906fce000 	D:\Xilinx\Vivado\2017.4\lib\win64.o\librdi_coregen.dll
0x00007ff9038e0000 - 0x00007ff903fb7000 	D:\Xilinx\Vivado\2017.4\lib\win64.o\librdi_coregenipxact.dll
0x00007ff938b80000 - 0x00007ff938bd8000 	D:\Xilinx\Vivado\2017.4\lib\win64.o\librdi_hdf.dll
0x00007ff913fc0000 - 0x00007ff91423b000 	D:\Xilinx\Vivado\2017.4\lib\win64.o\librdi_guitools.dll
0x00007ff9032e0000 - 0x00007ff9038d7000 	D:\Xilinx\Vivado\2017.4\lib\win64.o\librdi_memdata.dll
0x00007ff8f5e70000 - 0x00007ff8f6d39000 	D:\Xilinx\Vivado\2017.4\lib\win64.o\librdi_implflow.dll
0x00007ff8f6d40000 - 0x00007ff9032d2000 	D:\Xilinx\Vivado\2017.4\lib\win64.o\librdi_device.dll
0x00007ff8f29c0000 - 0x00007ff8f5e61000 	D:\Xilinx\Vivado\2017.4\lib\win64.o\librdi_mig.dll
0x00007ff989d00000 - 0x00007ff989d47000 	D:\Xilinx\Vivado\2017.4\lib\win64.o\librdi_pfi.dll
0x00007ff8f2520000 - 0x00007ff8f29b3000 	D:\Xilinx\Vivado\2017.4\lib\win64.o\librdi_netlist.dll
0x00007ff8f1e90000 - 0x00007ff8f251e000 	D:\Xilinx\Vivado\2017.4\lib\win64.o\librdi_power.dll
0x00007ff8f1c60000 - 0x00007ff8f1e8b000 	D:\Xilinx\Vivado\2017.4\lib\win64.o\librdi_platform.dll
0x00007ff8f14c0000 - 0x00007ff8f1c57000 	D:\Xilinx\Vivado\2017.4\lib\win64.o\librdi_rsb.dll
0x00007ff8f0f60000 - 0x00007ff8f14b4000 	D:\Xilinx\Vivado\2017.4\lib\win64.o\librdi_project.dll
0x00007ff8f08f0000 - 0x00007ff8f0f5d000 	D:\Xilinx\Vivado\2017.4\lib\win64.o\librdi_psta.dll
0x00007ff8ee840000 - 0x00007ff8f08e5000 	D:\Xilinx\Vivado\2017.4\lib\win64.o\librdi_place.dll
0x00007ff8ee460000 - 0x00007ff8ee839000 	D:\Xilinx\Vivado\2017.4\lib\win64.o\librdi_runs.dll
0x00007ff931b60000 - 0x00007ff931c37000 	D:\Xilinx\Vivado\2017.4\lib\win64.o\librdi_runsbase.dll
0x00007ff929170000 - 0x00007ff929328000 	D:\Xilinx\Vivado\2017.4\lib\win64.o\librdi_simdata.dll
0x00007ff978d50000 - 0x00007ff978d9c000 	D:\Xilinx\Vivado\2017.4\lib\win64.o\libboost_serialization.dll
0x00007ff8edf10000 - 0x00007ff8ee45e000 	D:\Xilinx\Vivado\2017.4\lib\win64.o\librdi_xdm.dll
0x00007ff8ed280000 - 0x00007ff8edf03000 	D:\Xilinx\Vivado\2017.4\lib\win64.o\librdi_timing.dll
0x00007ff932140000 - 0x00007ff9321ab000 	D:\Xilinx\Vivado\2017.4\lib\win64.o\librdi_hip_devdesign.dll
0x00007ff99df40000 - 0x00007ff99df6f000 	D:\Xilinx\Vivado\2017.4\lib\win64.o\librdi_noc_frameworks.dll
0x00007ff94cf10000 - 0x00007ff94cf52000 	D:\Xilinx\Vivado\2017.4\lib\win64.o\librdi_ipconfig_readwrite.dll
0x00007ff9316d0000 - 0x00007ff93176e000 	D:\Xilinx\Vivado\2017.4\lib\win64.o\libise.dll
0x00007ff947af0000 - 0x00007ff947b36000 	D:\Xilinx\Vivado\2017.4\lib\win64.o\librdi_wavedata_SimpleApi.dll
0x00007ff8ecdb0000 - 0x00007ff8ed273000 	D:\Xilinx\Vivado\2017.4\lib\win64.o\librdi_wavedata.dll
0x00007ff928ad0000 - 0x00007ff928c7b000 	D:\Xilinx\Vivado\2017.4\lib\win64.o\librdi_nocdb.dll
0x00007ff9281d0000 - 0x00007ff928397000 	D:\Xilinx\Vivado\2017.4\lib\win64.o\librdi_noctools.dll
0x00007ff8ebf80000 - 0x00007ff8ecdb0000 	D:\Xilinx\Vivado\2017.4\lib\win64.o\librdi_route.dll
0x00007ff8eb4c0000 - 0x00007ff8ebf73000 	D:\Xilinx\Vivado\2017.4\lib\win64.o\libverific.dll
0x00007ff92cd80000 - 0x00007ff92ce46000 	D:\Xilinx\Vivado\2017.4\lib\win64.o\librdi_hwh.dll
0x00007ff8eb280000 - 0x00007ff8eb4b7000 	D:\Xilinx\Vivado\2017.4\lib\win64.o\librdi_hsm.dll
0x00007ff9271a0000 - 0x00007ff92728c000 	D:\Xilinx\Vivado\2017.4\lib\win64.o\librdi_hip_config.dll

VM Arguments:
jvm_args: -Dfile.encoding=UTF-8 -Dsun.java2d.pmoffscreen=false -Dsun.java2d.xrender=false -Dsun.java2d.d3d=false -Dsun.awt.nopixfmt=true -Xverify:none -Dswing.aatext=true -XX:-UsePerfData -Djdk.map.althashing.threshold=512 -XX:StringTableSize=4072 -XX:NewSize=60m -XX:MaxNewSize=60m -Xms128m -Xmx3072m -Xss5m 
java_command: <unknown>
java_class_path (initial): D:/Xilinx/Vivado/2017.4\lib\classes\alloy.jar;D:/Xilinx/Vivado/2017.4\lib\classes\autopilot.scelaborator.jar;D:/Xilinx/Vivado/2017.4\lib\classes\autopilot.sourceprocessor.jar;D:/Xilinx/Vivado/2017.4\lib\classes\autopilot.tbprocessor.jar;D:/Xilinx/Vivado/2017.4\lib\classes\batik-anim.jar;D:/Xilinx/Vivado/2017.4\lib\classes\batik-awt-util.jar;D:/Xilinx/Vivado/2017.4\lib\classes\batik-bridge.jar;D:/Xilinx/Vivado/2017.4\lib\classes\batik-codec.jar;D:/Xilinx/Vivado/2017.4\lib\classes\batik-css.jar;D:/Xilinx/Vivado/2017.4\lib\classes\batik-dom.jar;D:/Xilinx/Vivado/2017.4\lib\classes\batik-ext.jar;D:/Xilinx/Vivado/2017.4\lib\classes\batik-gui-util.jar;D:/Xilinx/Vivado/2017.4\lib\classes\batik-gvt.jar;D:/Xilinx/Vivado/2017.4\lib\classes\batik-parser.jar;D:/Xilinx/Vivado/2017.4\lib\classes\batik-script.jar;D:/Xilinx/Vivado/2017.4\lib\classes\batik-svg-dom.jar;D:/Xilinx/Vivado/2017.4\lib\classes\batik-swing.jar;D:/Xilinx/Vivado/2017.4\lib\classes\batik-transcoder.jar;D:/Xilinx/Vivado/2017.4\lib\classes\batik-util.jar;D:/Xilinx/Vivado/2017.4\lib\classes\batik-xml.jar;D:/Xilinx/Vivado/2017.4\lib\classes\com.ibm.icu_4.4.2.v20110208.jar;D:/Xilinx/Vivado/2017.4\lib\classes\commons-math-2.2.jar;D:/Xilinx/Vivado/2017.4\lib\classes\dom4j-1.6.1.jar;D:/Xilinx/Vivado/2017.4\lib\classes\guava-18.0.jar;D:/Xilinx/Vivado/2017.4\lib\classes\help.jar;D:/Xilinx/Vivado/2017.4\lib\classes\hsqldb.jar;D:/Xilinx/Vivado/2017.4\lib\classes\jargs.jar;D:/Xilinx/Vivado/2017.4\lib\classes\jh.jar;D:/Xilinx/Vivado/2017.4\lib\classes\jide-action.jar;D:/Xilinx/Vivado/2017.4\lib\classes\jide-charts.jar;D:/Xilinx/Vivado/2017.4\lib\classes\jide-common.jar;D:/Xilinx/Vivado/2017.4\lib\classes\jide-components.jar;D:/Xilinx/Vivado/2017.4\lib\classes\jide-dashboard.jar;D:/Xilinx/Vivado/2017.4\lib\classes\jide-data.jar;D:/Xilinx/Vivado/2017.4\lib\classes\jide-dialogs.jar;D:/Xilinx/Vivado/2017.4\lib\classes\jide-diff.jar;D:/Xilinx/Vivado/2017.4\lib\classes\jide-dock.jar;D:/Xilinx/Vivado/20
Launcher Type: generic

Environment Variables:
JAVA_TOOL_OPTIONS=-Dfile.encoding=UTF-8
PATH=D:/Xilinx/Vivado/2017.4/bin;D:/Xilinx/Vivado/2017.4/lib/win64.o;D:/Xilinx/Vivado/2017.4/tps/win64/jre/bin/server;D:/Xilinx/Vivado/2017.4/tps/win64/jre/bin;D:/Xilinx/SDK/2017.4/bin;D:/Xilinx/Vivado/2017.4/ids_lite/ISE/bin/nt64;D:/Xilinx/Vivado/2017.4/ids_lite/ISE/lib/nt64;C:\Program Files (x86)\Common Files\Oracle\Java\javapath;C:\Program Files (x86)\NVIDIA Corporation\PhysX\Common;C:\WINDOWS\system32;C:\WINDOWS;C:\WINDOWS\System32\Wbem;C:\WINDOWS\System32\WindowsPowerShell\v1.0\;C:\WINDOWS\System32\OpenSSH\;D:\Matlab2016a\runtime\win64;D:\Matlab2016a\bin;D:\Matlab2016a\polyspace\bin;C:\Program Files\Microsoft SQL Server\Client SDK\ODBC\110\Tools\Binn\;C:\Program Files (x86)\Microsoft SQL Server\120\Tools\Binn\;C:\Program Files\Microsoft SQL Server\120\Tools\Binn\;C:\Program Files\Microsoft SQL Server\120\DTS\Binn\;C:\Program Files (x86)\Windows Kits\8.1\Windows Performance Toolkit\;D:\Microsoft VS Code\bin;D:\Git\cmd;C:\Program Files\dotnet\;C:\Program Files (x86)\IVI Foundation\IVI\bin;C:\Program Files\IVI Foundation\IVI\bin;C:\Program Files (x86)\IVI Foundation\VISA\WinNT\Bin\;C:\Program Files\IVI Foundation\VISA\Win64\Bin\;C:\Users\Administrator\AppData\Local\Microsoft\WindowsApps;;D:/Xilinx/Vivado/2017.4\tps\mingw\6.2.0\win64.o\nt\bin;D:/Xilinx/Vivado/2017.4\tps\mingw\6.2.0\win64.o\nt\libexec\gcc\x86_64-w64-mingw32\6.2.0
USERNAME=Administrator
OS=Windows_NT
PROCESSOR_IDENTIFIER=AMD64 Family 23 Model 96 Stepping 1, AuthenticAMD



---------------  S Y S T E M  ---------------

OS: Windows 10.0 , 64 bit Build 22000 (10.0.22000.434)

CPU:total 16 (16 cores per cpu, 1 threads per core) family 23 model 96 stepping 1, cmov, cx8, fxsr, mmx, sse, sse2, sse3, ssse3, sse4.1, sse4.2, popcnt, avx, avx2, aes, clmul, mmxext, 3dnowpref, lzcnt, sse4a, tsc, tscinvbit, tscinv, bmi1

Memory: 4k page, physical 16112448k(8122792k free), swap 20568896k(10402716k free)

vm_info: Java HotSpot(TM) 64-Bit Server VM (25.112-b15) for windows-amd64 JRE (1.8.0_112-b15), built on Sep 22 2016 21:31:56 by "java_re" with MS VC++ 10.0 (VS2010)

time: Sat Mar 26 14:34:14 2022
elapsed time: 5930 seconds (0d 1h 38m 50s)

